This is XeTeX, Version 3.141592653-2.6-0.999996 (TeX Live 2024) (preloaded format=xelatex 2025.3.8)  8 MAR 2025 13:52
entering extended mode
 restricted \write18 enabled.
 file:line:error style messages enabled.
 %&-line parsing enabled.
**d:/Maths/sy/math1-main/math1-main/main
(d:/Maths/sy/math1-main/math1-main/main.tex
LaTeX2e <2023-11-01> patch level 1
L3 programming layer <2024-02-20>
(c:/texlive/2024/texmf-dist/tex/latex/ctex/ctexbook.cls (c:/texlive/2024/texmf-dist/tex/latex/ctex/config/ctexbackend.cfg
File: ctexbackend.cfg 2022/07/14 v2.5.10 Backend configuration file (CTEX)
) (c:/texlive/2024/texmf-dist/tex/latex/l3kernel/expl3.sty
Package: expl3 2024-02-20 L3 programming layer (loader) 
 (c:/texlive/2024/texmf-dist/tex/latex/l3backend/l3backend-xetex.def
File: l3backend-xetex.def 2024-02-20 L3 backend support: XeTeX
\g__graphics_track_int=\count184
\l__pdf_internal_box=\box51
\g__pdf_backend_object_int=\count185
\g__pdf_backend_annotation_int=\count186
\g__pdf_backend_link_int=\count187
))
Document Class: ctexbook 2022/07/14 v2.5.10 Chinese adapter for class book (CTEX)
(c:/texlive/2024/texmf-dist/tex/latex/ctex/ctexhook.sty
Package: ctexhook 2022/07/14 v2.5.10 Document and package hooks (CTEX)
) (c:/texlive/2024/texmf-dist/tex/latex/ctex/ctexpatch.sty
Package: ctexpatch 2022/07/14 v2.5.10 Patching commands (CTEX)
) (c:/texlive/2024/texmf-dist/tex/latex/base/fix-cm.sty
Package: fix-cm 2020/11/24 v1.1t fixes to LaTeX
 (c:/texlive/2024/texmf-dist/tex/latex/base/ts1enc.def
File: ts1enc.def 2001/06/05 v3.0e (jk/car/fm) Standard LaTeX file
LaTeX Font Info:    Redeclaring font encoding TS1 on input line 47.
))
\l__ctex_tmp_int=\count188
\l__ctex_tmp_box=\box52
\l__ctex_tmp_dim=\dimen140
\g__ctex_section_depth_int=\count189
\g__ctex_font_size_int=\count190
 (c:/texlive/2024/texmf-dist/tex/latex/ctex/config/ctexopts.cfg
File: ctexopts.cfg 2022/07/14 v2.5.10 Option configuration file (CTEX)
) (c:/texlive/2024/texmf-dist/tex/latex/base/book.cls
Document Class: book 2023/05/17 v1.4n Standard LaTeX document class
(c:/texlive/2024/texmf-dist/tex/latex/base/bk10.clo
File: bk10.clo 2023/05/17 v1.4n Standard LaTeX file (size option)
)
\c@part=\count191
\c@chapter=\count192
\c@section=\count193
\c@subsection=\count194
\c@subsubsection=\count195
\c@paragraph=\count196
\c@subparagraph=\count197
\c@figure=\count198
\c@table=\count199
\abovecaptionskip=\skip48
\belowcaptionskip=\skip49
\bibindent=\dimen141
) (c:/texlive/2024/texmf-dist/tex/latex/ctex/engine/ctex-engine-xetex.def
File: ctex-engine-xetex.def 2022/07/14 v2.5.10 XeLaTeX adapter (CTEX)
 (c:/texlive/2024/texmf-dist/tex/xelatex/xecjk/xeCJK.sty
Package: xeCJK 2022/08/05 v3.9.1 Typesetting CJK scripts with XeLaTeX
 (c:/texlive/2024/texmf-dist/tex/latex/l3packages/xtemplate/xtemplate.sty (c:/texlive/2024/texmf-dist/tex/latex/l3packages/xtemplate/xtemplate-2023-10-10.sty
Package: xtemplate 2023-10-10 L3 Experimental prototype document functions
\l__xtemplate_tmp_dim=\dimen142
\l__xtemplate_tmp_int=\count266
\l__xtemplate_tmp_muskip=\muskip16
\l__xtemplate_tmp_skip=\skip50
))
\l__xeCJK_tmp_int=\count267
\l__xeCJK_tmp_box=\box53
\l__xeCJK_tmp_dim=\dimen143
\l__xeCJK_tmp_skip=\skip51
\g__xeCJK_space_factor_int=\count268
\l__xeCJK_begin_int=\count269
\l__xeCJK_end_int=\count270
\c__xeCJK_CJK_class_int=\XeTeXcharclass1
\c__xeCJK_FullLeft_class_int=\XeTeXcharclass2
\c__xeCJK_FullRight_class_int=\XeTeXcharclass3
\c__xeCJK_HalfLeft_class_int=\XeTeXcharclass4
\c__xeCJK_HalfRight_class_int=\XeTeXcharclass5
\c__xeCJK_NormalSpace_class_int=\XeTeXcharclass6
\c__xeCJK_CM_class_int=\XeTeXcharclass7
\c__xeCJK_HangulJamo_class_int=\XeTeXcharclass8
\l__xeCJK_last_skip=\skip52
\c__xeCJK_none_node=\count271
\g__xeCJK_node_int=\count272
\c__xeCJK_CJK_node_dim=\dimen144
\c__xeCJK_CJK-space_node_dim=\dimen145
\c__xeCJK_default_node_dim=\dimen146
\c__xeCJK_CJK-widow_node_dim=\dimen147
\c__xeCJK_normalspace_node_dim=\dimen148
\c__xeCJK_default-space_node_skip=\skip53
\l__xeCJK_ccglue_skip=\skip54
\l__xeCJK_ecglue_skip=\skip55
\l__xeCJK_punct_kern_skip=\skip56
\l__xeCJK_indent_box=\box54
\l__xeCJK_last_penalty_int=\count273
\l__xeCJK_last_bound_dim=\dimen149
\l__xeCJK_last_kern_dim=\dimen150
\l__xeCJK_widow_penalty_int=\count274

Package xtemplate Info: Declaring object type 'xeCJK/punctuation' taking 0
(xtemplate)             argument(s) on line 2396.

\l__xeCJK_fixed_punct_width_dim=\dimen151
\l__xeCJK_mixed_punct_width_dim=\dimen152
\l__xeCJK_middle_punct_width_dim=\dimen153
\l__xeCJK_fixed_margin_width_dim=\dimen154
\l__xeCJK_mixed_margin_width_dim=\dimen155
\l__xeCJK_middle_margin_width_dim=\dimen156
\l__xeCJK_bound_punct_width_dim=\dimen157
\l__xeCJK_bound_margin_width_dim=\dimen158
\l__xeCJK_margin_minimum_dim=\dimen159
\l__xeCJK_kerning_total_width_dim=\dimen160
\l__xeCJK_same_align_margin_dim=\dimen161
\l__xeCJK_different_align_margin_dim=\dimen162
\l__xeCJK_kerning_margin_width_dim=\dimen163
\l__xeCJK_kerning_margin_minimum_dim=\dimen164
\l__xeCJK_bound_dim=\dimen165
\l__xeCJK_reverse_bound_dim=\dimen166
\l__xeCJK_margin_dim=\dimen167
\l__xeCJK_minimum_bound_dim=\dimen168
\l__xeCJK_kerning_margin_dim=\dimen169
\g__xeCJK_family_int=\count275
\l__xeCJK_fam_int=\count276
\g__xeCJK_fam_allocation_int=\count277
\l__xeCJK_verb_case_int=\count278
\l__xeCJK_verb_exspace_skip=\skip57
 (c:/texlive/2024/texmf-dist/tex/latex/fontspec/fontspec.sty (c:/texlive/2024/texmf-dist/tex/latex/l3packages/xparse/xparse.sty
Package: xparse 2024-02-18 L3 Experimental document command parser
)
Package: fontspec 2024/02/13 v2.9a Font selection for XeLaTeX and LuaLaTeX
 (c:/texlive/2024/texmf-dist/tex/latex/fontspec/fontspec-xetex.sty
Package: fontspec-xetex 2024/02/13 v2.9a Font selection for XeLaTeX and LuaLaTeX
\l__fontspec_script_int=\count279
\l__fontspec_language_int=\count280
\l__fontspec_strnum_int=\count281
\l__fontspec_tmp_int=\count282
\l__fontspec_tmpa_int=\count283
\l__fontspec_tmpb_int=\count284
\l__fontspec_tmpc_int=\count285
\l__fontspec_em_int=\count286
\l__fontspec_emdef_int=\count287
\l__fontspec_strong_int=\count288
\l__fontspec_strongdef_int=\count289
\l__fontspec_tmpa_dim=\dimen170
\l__fontspec_tmpb_dim=\dimen171
\l__fontspec_tmpc_dim=\dimen172
 (c:/texlive/2024/texmf-dist/tex/latex/base/fontenc.sty
Package: fontenc 2021/04/29 v2.0v Standard LaTeX package
) (c:/texlive/2024/texmf-dist/tex/latex/fontspec/fontspec.cfg))) (c:/texlive/2024/texmf-dist/tex/xelatex/xecjk/xeCJK.cfg
File: xeCJK.cfg 2022/08/05 v3.9.1 Configuration file for xeCJK package
))
\ccwd=\dimen173
\l__ctex_ccglue_skip=\skip58
)
\l__ctex_ziju_dim=\dimen174
 (c:/texlive/2024/texmf-dist/tex/latex/zhnumber/zhnumber.sty
Package: zhnumber 2022/07/14 v3.0 Typesetting numbers with Chinese glyphs
\l__zhnum_scale_int=\count290
\l__zhnum_tmp_int=\count291
 (c:/texlive/2024/texmf-dist/tex/latex/zhnumber/zhnumber-utf8.cfg
File: zhnumber-utf8.cfg 2022/07/14 v3.0 Chinese numerals with UTF8 encoding
))
\l__ctex_heading_skip=\skip59
 (c:/texlive/2024/texmf-dist/tex/latex/ctex/scheme/ctex-scheme-chinese-book.def
File: ctex-scheme-chinese-book.def 2022/07/14 v2.5.10 Chinese scheme for book (CTEX)
 (c:/texlive/2024/texmf-dist/tex/latex/ctex/config/ctex-name-utf8.cfg
File: ctex-name-utf8.cfg 2022/07/14 v2.5.10 Caption with encoding UTF-8 (CTEX)
)) (c:/texlive/2024/texmf-dist/tex/latex/ctex/ctex-c5size.clo
File: ctex-c5size.clo 2022/07/14 v2.5.10 c5size option (CTEX)
) (c:/texlive/2024/texmf-dist/tex/latex/ctex/fontset/ctex-fontset-windows.def
File: ctex-fontset-windows.def 2022/07/14 v2.5.10 Windows fonts definition (CTEX)

Package fontspec Info: Could not resolve font "KaiTi/B" (it probably doesn't
(fontspec)             exist).


Package fontspec Info: Could not resolve font "SimHei/I" (it probably doesn't
(fontspec)             exist).


Package fontspec Info: Could not resolve font "SimSun/BI" (it probably doesn't
(fontspec)             exist).


Package fontspec Info: Font family 'SimSun(0)' created for font 'SimSun' with
(fontspec)             options
(fontspec)             [Script={CJK},BoldFont={SimHei},ItalicFont={KaiTi}].
(fontspec)              
(fontspec)              This font family consists of the following NFSS
(fontspec)             series/shapes:
(fontspec)              
(fontspec)             - 'normal' (m/n) with NFSS spec.:
(fontspec)             <->"SimSun/OT:script=hani;language=dflt;"
(fontspec)             - 'small caps'  (m/sc) with NFSS spec.: 
(fontspec)             - 'bold' (b/n) with NFSS spec.:
(fontspec)             <->"SimHei/OT:script=hani;language=dflt;"
(fontspec)             - 'bold small caps'  (b/sc) with NFSS spec.: 
(fontspec)             - 'italic' (m/it) with NFSS spec.:
(fontspec)             <->"KaiTi/OT:script=hani;language=dflt;"
(fontspec)             - 'italic small caps'  (m/scit) with NFSS spec.: 

)) (c:/texlive/2024/texmf-dist/tex/latex/ctex/config/ctex.cfg
File: ctex.cfg 2022/07/14 v2.5.10 Configuration file (CTEX)
) (c:/texlive/2024/texmf-dist/tex/latex/geometry/geometry.sty
Package: geometry 2020/01/02 v5.9 Page Geometry
 (c:/texlive/2024/texmf-dist/tex/latex/graphics/keyval.sty
Package: keyval 2022/05/29 v1.15 key=value parser (DPC)
\KV@toks@=\toks17
) (c:/texlive/2024/texmf-dist/tex/generic/iftex/ifvtex.sty
Package: ifvtex 2019/10/25 v1.7 ifvtex legacy package. Use iftex instead.
 (c:/texlive/2024/texmf-dist/tex/generic/iftex/iftex.sty
Package: iftex 2022/02/03 v1.0f TeX engine tests
))
\Gm@cnth=\count292
\Gm@cntv=\count293
\c@Gm@tempcnt=\count294
\Gm@bindingoffset=\dimen175
\Gm@wd@mp=\dimen176
\Gm@odd@mp=\dimen177
\Gm@even@mp=\dimen178
\Gm@layoutwidth=\dimen179
\Gm@layoutheight=\dimen180
\Gm@layouthoffset=\dimen181
\Gm@layoutvoffset=\dimen182
\Gm@dimlist=\toks18
) (c:/texlive/2024/texmf-dist/tex/latex/psnfss/pifont.sty
Package: pifont 2020/03/25 PSNFSS-v9.3 Pi font support (SPQR) 
LaTeX Font Info:    Trying to load font information for U+pzd on input line 63.
 (c:/texlive/2024/texmf-dist/tex/latex/psnfss/upzd.fd
File: upzd.fd 2001/06/04 font definitions for U/pzd.
)
LaTeX Font Info:    Trying to load font information for U+psy on input line 64.
 (c:/texlive/2024/texmf-dist/tex/latex/psnfss/upsy.fd
File: upsy.fd 2001/06/04 font definitions for U/psy.
)) (c:/texlive/2024/texmf-dist/tex/latex/footmisc/footmisc.sty
Package: footmisc 2023/07/05 v6.0f a miscellany of footnote facilities
\FN@temptoken=\toks19
\footnotemargin=\dimen183
\@outputbox@depth=\dimen184
 (c:/texlive/2024/texmf-dist/tex/latex/bigfoot/perpage.sty
Package: perpage 2014/10/25 2.0 Reset/sort counters per page
\c@abspage=\count295
)
\c@pp@a@footnote=\count296
Package footmisc Info: Declaring symbol style bringhurst on input line 696.
Package footmisc Info: Declaring symbol style chicago on input line 704.
Package footmisc Info: Declaring symbol style wiley on input line 713.
Package footmisc Info: Declaring symbol style lamport-robust on input line 724.
Package footmisc Info: Declaring symbol style lamport* on input line 744.
Package footmisc Info: Declaring symbol style lamport*-robust on input line 765.
)
Package footmisc Info: Declaring symbol style circled on input line 10.
 (c:/texlive/2024/texmf-dist/tex/generic/ulem/ulem.sty
\UL@box=\box55
\UL@hyphenbox=\box56
\UL@skip=\skip60
\UL@hook=\toks20
\UL@height=\dimen185
\UL@pe=\count297
\UL@pixel=\dimen186
\ULC@box=\box57
Package: ulem 2019/11/18
\ULdepth=\dimen187
) (c:/texlive/2024/texmf-dist/tex/latex/amsmath/amsmath.sty
Package: amsmath 2023/05/13 v2.17o AMS math features
\@mathmargin=\skip61

For additional information on amsmath, use the `?' option.
(c:/texlive/2024/texmf-dist/tex/latex/amsmath/amstext.sty
Package: amstext 2021/08/26 v2.01 AMS text
 (c:/texlive/2024/texmf-dist/tex/latex/amsmath/amsgen.sty
File: amsgen.sty 1999/11/30 v2.0 generic functions
\@emptytoks=\toks21
\ex@=\dimen188
)) (c:/texlive/2024/texmf-dist/tex/latex/amsmath/amsbsy.sty
Package: amsbsy 1999/11/29 v1.2d Bold Symbols
\pmbraise@=\dimen189
) (c:/texlive/2024/texmf-dist/tex/latex/amsmath/amsopn.sty
Package: amsopn 2022/04/08 v2.04 operator names
)
\inf@bad=\count298
LaTeX Info: Redefining \frac on input line 234.
\uproot@=\count299
\leftroot@=\count300
LaTeX Info: Redefining \overline on input line 399.
LaTeX Info: Redefining \colon on input line 410.
\classnum@=\count301
\DOTSCASE@=\count302
LaTeX Info: Redefining \ldots on input line 496.
LaTeX Info: Redefining \dots on input line 499.
LaTeX Info: Redefining \cdots on input line 620.
\Mathstrutbox@=\box58
\strutbox@=\box59
LaTeX Info: Redefining \big on input line 722.
LaTeX Info: Redefining \Big on input line 723.
LaTeX Info: Redefining \bigg on input line 724.
LaTeX Info: Redefining \Bigg on input line 725.
\big@size=\dimen190
LaTeX Font Info:    Redeclaring font encoding OML on input line 743.
LaTeX Font Info:    Redeclaring font encoding OMS on input line 744.
\macc@depth=\count303
LaTeX Info: Redefining \bmod on input line 905.
LaTeX Info: Redefining \pmod on input line 910.
LaTeX Info: Redefining \smash on input line 940.
LaTeX Info: Redefining \relbar on input line 970.
LaTeX Info: Redefining \Relbar on input line 971.
\c@MaxMatrixCols=\count304
\dotsspace@=\muskip17
\c@parentequation=\count305
\dspbrk@lvl=\count306
\tag@help=\toks22
\row@=\count307
\column@=\count308
\maxfields@=\count309
\andhelp@=\toks23
\eqnshift@=\dimen191
\alignsep@=\dimen192
\tagshift@=\dimen193
\tagwidth@=\dimen194
\totwidth@=\dimen195
\lineht@=\dimen196
\@envbody=\toks24
\multlinegap=\skip62
\multlinetaggap=\skip63
\mathdisplay@stack=\toks25
LaTeX Info: Redefining \[ on input line 2953.
LaTeX Info: Redefining \] on input line 2954.
) (c:/texlive/2024/texmf-dist/tex/latex/amsfonts/amsfonts.sty
Package: amsfonts 2013/01/14 v3.01 Basic AMSFonts support
\symAMSa=\mathgroup4
\symAMSb=\mathgroup5
LaTeX Font Info:    Redeclaring math symbol \hbar on input line 98.
LaTeX Font Info:    Overwriting math alphabet `\mathfrak' in version `bold'
(Font)                  U/euf/m/n --> U/euf/b/n on input line 106.
) (c:/texlive/2024/texmf-dist/tex/latex/jknapltx/mathrsfs.sty
Package: mathrsfs 1996/01/01 Math RSFS package v1.0 (jk)
\symrsfs=\mathgroup6
) (c:/texlive/2024/texmf-dist/tex/latex/amsfonts/amssymb.sty
Package: amssymb 2013/01/14 v3.01 AMS font symbols
) (c:/texlive/2024/texmf-dist/tex/latex/graphics/graphicx.sty
Package: graphicx 2021/09/16 v1.2d Enhanced LaTeX Graphics (DPC,SPQR)
 (c:/texlive/2024/texmf-dist/tex/latex/graphics/graphics.sty
Package: graphics 2022/03/10 v1.4e Standard LaTeX Graphics (DPC,SPQR)
 (c:/texlive/2024/texmf-dist/tex/latex/graphics/trig.sty
Package: trig 2021/08/11 v1.11 sin cos tan (DPC)
) (c:/texlive/2024/texmf-dist/tex/latex/graphics-cfg/graphics.cfg
File: graphics.cfg 2016/06/04 v1.11 sample graphics configuration
)
Package graphics Info: Driver file: xetex.def on input line 107.
 (c:/texlive/2024/texmf-dist/tex/latex/graphics-def/xetex.def
File: xetex.def 2022/09/22 v5.0n Graphics/color driver for xetex
))
\Gin@req@height=\dimen197
\Gin@req@width=\dimen198
) (c:/texlive/2024/texmf-dist/tex/latex/caption/caption.sty
Package: caption 2023/08/05 v3.6o Customizing captions (AR)
 (c:/texlive/2024/texmf-dist/tex/latex/caption/caption3.sty
Package: caption3 2023/07/31 v2.4d caption3 kernel (AR)
\caption@tempdima=\dimen199
\captionmargin=\dimen256
\caption@leftmargin=\dimen257
\caption@rightmargin=\dimen258
\caption@width=\dimen259
\caption@indent=\dimen260
\caption@parindent=\dimen261
\caption@hangindent=\dimen262
Package caption Info: Standard document class detected.
)
\c@caption@flags=\count310
\c@continuedfloat=\count311
) (c:/texlive/2024/texmf-dist/tex/latex/pgf/frontendlayer/tikz.sty (c:/texlive/2024/texmf-dist/tex/latex/pgf/basiclayer/pgf.sty (c:/texlive/2024/texmf-dist/tex/latex/pgf/utilities/pgfrcs.sty (c:/texlive/2024/texmf-dist/tex/generic/pgf/utilities/pgfutil-common.tex
\pgfutil@everybye=\toks26
\pgfutil@tempdima=\dimen263
\pgfutil@tempdimb=\dimen264
) (c:/texlive/2024/texmf-dist/tex/generic/pgf/utilities/pgfutil-latex.def
\pgfutil@abb=\box60
) (c:/texlive/2024/texmf-dist/tex/generic/pgf/utilities/pgfrcs.code.tex (c:/texlive/2024/texmf-dist/tex/generic/pgf/pgf.revision.tex)
Package: pgfrcs 2023-01-15 v3.1.10 (3.1.10)
))
Package: pgf 2023-01-15 v3.1.10 (3.1.10)
 (c:/texlive/2024/texmf-dist/tex/latex/pgf/basiclayer/pgfcore.sty (c:/texlive/2024/texmf-dist/tex/latex/pgf/systemlayer/pgfsys.sty (c:/texlive/2024/texmf-dist/tex/generic/pgf/systemlayer/pgfsys.code.tex
Package: pgfsys 2023-01-15 v3.1.10 (3.1.10)
 (c:/texlive/2024/texmf-dist/tex/generic/pgf/utilities/pgfkeys.code.tex
\pgfkeys@pathtoks=\toks27
\pgfkeys@temptoks=\toks28
 (c:/texlive/2024/texmf-dist/tex/generic/pgf/utilities/pgfkeyslibraryfiltered.code.tex
\pgfkeys@tmptoks=\toks29
))
\pgf@x=\dimen265
\pgf@y=\dimen266
\pgf@xa=\dimen267
\pgf@ya=\dimen268
\pgf@xb=\dimen269
\pgf@yb=\dimen270
\pgf@xc=\dimen271
\pgf@yc=\dimen272
\pgf@xd=\dimen273
\pgf@yd=\dimen274
\w@pgf@writea=\write3
\r@pgf@reada=\read2
\c@pgf@counta=\count312
\c@pgf@countb=\count313
\c@pgf@countc=\count314
\c@pgf@countd=\count315
\t@pgf@toka=\toks30
\t@pgf@tokb=\toks31
\t@pgf@tokc=\toks32
\pgf@sys@id@count=\count316
 (c:/texlive/2024/texmf-dist/tex/generic/pgf/systemlayer/pgf.cfg
File: pgf.cfg 2023-01-15 v3.1.10 (3.1.10)
)
Driver file for pgf: pgfsys-xetex.def
 (c:/texlive/2024/texmf-dist/tex/generic/pgf/systemlayer/pgfsys-xetex.def
File: pgfsys-xetex.def 2023-01-15 v3.1.10 (3.1.10)
 (c:/texlive/2024/texmf-dist/tex/generic/pgf/systemlayer/pgfsys-dvipdfmx.def
File: pgfsys-dvipdfmx.def 2023-01-15 v3.1.10 (3.1.10)
 (c:/texlive/2024/texmf-dist/tex/generic/pgf/systemlayer/pgfsys-common-pdf.def
File: pgfsys-common-pdf.def 2023-01-15 v3.1.10 (3.1.10)
)
\pgfsys@objnum=\count317
))) (c:/texlive/2024/texmf-dist/tex/generic/pgf/systemlayer/pgfsyssoftpath.code.tex
File: pgfsyssoftpath.code.tex 2023-01-15 v3.1.10 (3.1.10)
\pgfsyssoftpath@smallbuffer@items=\count318
\pgfsyssoftpath@bigbuffer@items=\count319
) (c:/texlive/2024/texmf-dist/tex/generic/pgf/systemlayer/pgfsysprotocol.code.tex
File: pgfsysprotocol.code.tex 2023-01-15 v3.1.10 (3.1.10)
)) (c:/texlive/2024/texmf-dist/tex/latex/xcolor/xcolor.sty
Package: xcolor 2023/11/15 v3.01 LaTeX color extensions (UK)
 (c:/texlive/2024/texmf-dist/tex/latex/graphics-cfg/color.cfg
File: color.cfg 2016/01/02 v1.6 sample color configuration
)
Package xcolor Info: Driver file: xetex.def on input line 274.
 (c:/texlive/2024/texmf-dist/tex/latex/graphics/mathcolor.ltx)
Package xcolor Info: Model `cmy' substituted by `cmy0' on input line 1350.
Package xcolor Info: Model `RGB' extended on input line 1366.
Package xcolor Info: Model `HTML' substituted by `rgb' on input line 1368.
Package xcolor Info: Model `Hsb' substituted by `hsb' on input line 1369.
Package xcolor Info: Model `tHsb' substituted by `hsb' on input line 1370.
Package xcolor Info: Model `HSB' substituted by `hsb' on input line 1371.
Package xcolor Info: Model `Gray' substituted by `gray' on input line 1372.
Package xcolor Info: Model `wave' substituted by `hsb' on input line 1373.
) (c:/texlive/2024/texmf-dist/tex/generic/pgf/basiclayer/pgfcore.code.tex
Package: pgfcore 2023-01-15 v3.1.10 (3.1.10)
 (c:/texlive/2024/texmf-dist/tex/generic/pgf/math/pgfmath.code.tex (c:/texlive/2024/texmf-dist/tex/generic/pgf/math/pgfmathutil.code.tex) (c:/texlive/2024/texmf-dist/tex/generic/pgf/math/pgfmathparser.code.tex
\pgfmath@dimen=\dimen275
\pgfmath@count=\count320
\pgfmath@box=\box61
\pgfmath@toks=\toks33
\pgfmath@stack@operand=\toks34
\pgfmath@stack@operation=\toks35
) (c:/texlive/2024/texmf-dist/tex/generic/pgf/math/pgfmathfunctions.code.tex) (c:/texlive/2024/texmf-dist/tex/generic/pgf/math/pgfmathfunctions.basic.code.tex) (c:/texlive/2024/texmf-dist/tex/generic/pgf/math/pgfmathfunctions.trigonometric.code.tex) (c:/texlive/2024/texmf-dist/tex/generic/pgf/math/pgfmathfunctions.random.code.tex) (c:/texlive/2024/texmf-dist/tex/generic/pgf/math/pgfmathfunctions.comparison.code.tex) (c:/texlive/2024/texmf-dist/tex/generic/pgf/math/pgfmathfunctions.base.code.tex) (c:/texlive/2024/texmf-dist/tex/generic/pgf/math/pgfmathfunctions.round.code.tex) (c:/texlive/2024/texmf-dist/tex/generic/pgf/math/pgfmathfunctions.misc.code.tex) (c:/texlive/2024/texmf-dist/tex/generic/pgf/math/pgfmathfunctions.integerarithmetics.code.tex) (c:/texlive/2024/texmf-dist/tex/generic/pgf/math/pgfmathcalc.code.tex) (c:/texlive/2024/texmf-dist/tex/generic/pgf/math/pgfmathfloat.code.tex
\c@pgfmathroundto@lastzeros=\count321
)) (c:/texlive/2024/texmf-dist/tex/generic/pgf/math/pgfint.code.tex) (c:/texlive/2024/texmf-dist/tex/generic/pgf/basiclayer/pgfcorepoints.code.tex
File: pgfcorepoints.code.tex 2023-01-15 v3.1.10 (3.1.10)
\pgf@picminx=\dimen276
\pgf@picmaxx=\dimen277
\pgf@picminy=\dimen278
\pgf@picmaxy=\dimen279
\pgf@pathminx=\dimen280
\pgf@pathmaxx=\dimen281
\pgf@pathminy=\dimen282
\pgf@pathmaxy=\dimen283
\pgf@xx=\dimen284
\pgf@xy=\dimen285
\pgf@yx=\dimen286
\pgf@yy=\dimen287
\pgf@zx=\dimen288
\pgf@zy=\dimen289
) (c:/texlive/2024/texmf-dist/tex/generic/pgf/basiclayer/pgfcorepathconstruct.code.tex
File: pgfcorepathconstruct.code.tex 2023-01-15 v3.1.10 (3.1.10)
\pgf@path@lastx=\dimen290
\pgf@path@lasty=\dimen291
) (c:/texlive/2024/texmf-dist/tex/generic/pgf/basiclayer/pgfcorepathusage.code.tex
File: pgfcorepathusage.code.tex 2023-01-15 v3.1.10 (3.1.10)
\pgf@shorten@end@additional=\dimen292
\pgf@shorten@start@additional=\dimen293
) (c:/texlive/2024/texmf-dist/tex/generic/pgf/basiclayer/pgfcorescopes.code.tex
File: pgfcorescopes.code.tex 2023-01-15 v3.1.10 (3.1.10)
\pgfpic=\box62
\pgf@hbox=\box63
\pgf@layerbox@main=\box64
\pgf@picture@serial@count=\count322
) (c:/texlive/2024/texmf-dist/tex/generic/pgf/basiclayer/pgfcoregraphicstate.code.tex
File: pgfcoregraphicstate.code.tex 2023-01-15 v3.1.10 (3.1.10)
\pgflinewidth=\dimen294
) (c:/texlive/2024/texmf-dist/tex/generic/pgf/basiclayer/pgfcoretransformations.code.tex
File: pgfcoretransformations.code.tex 2023-01-15 v3.1.10 (3.1.10)
\pgf@pt@x=\dimen295
\pgf@pt@y=\dimen296
\pgf@pt@temp=\dimen297
) (c:/texlive/2024/texmf-dist/tex/generic/pgf/basiclayer/pgfcorequick.code.tex
File: pgfcorequick.code.tex 2023-01-15 v3.1.10 (3.1.10)
) (c:/texlive/2024/texmf-dist/tex/generic/pgf/basiclayer/pgfcoreobjects.code.tex
File: pgfcoreobjects.code.tex 2023-01-15 v3.1.10 (3.1.10)
) (c:/texlive/2024/texmf-dist/tex/generic/pgf/basiclayer/pgfcorepathprocessing.code.tex
File: pgfcorepathprocessing.code.tex 2023-01-15 v3.1.10 (3.1.10)
) (c:/texlive/2024/texmf-dist/tex/generic/pgf/basiclayer/pgfcorearrows.code.tex
File: pgfcorearrows.code.tex 2023-01-15 v3.1.10 (3.1.10)
\pgfarrowsep=\dimen298
) (c:/texlive/2024/texmf-dist/tex/generic/pgf/basiclayer/pgfcoreshade.code.tex
File: pgfcoreshade.code.tex 2023-01-15 v3.1.10 (3.1.10)
\pgf@max=\dimen299
\pgf@sys@shading@range@num=\count323
\pgf@shadingcount=\count324
) (c:/texlive/2024/texmf-dist/tex/generic/pgf/basiclayer/pgfcoreimage.code.tex
File: pgfcoreimage.code.tex 2023-01-15 v3.1.10 (3.1.10)
) (c:/texlive/2024/texmf-dist/tex/generic/pgf/basiclayer/pgfcoreexternal.code.tex
File: pgfcoreexternal.code.tex 2023-01-15 v3.1.10 (3.1.10)
\pgfexternal@startupbox=\box65
) (c:/texlive/2024/texmf-dist/tex/generic/pgf/basiclayer/pgfcorelayers.code.tex
File: pgfcorelayers.code.tex 2023-01-15 v3.1.10 (3.1.10)
) (c:/texlive/2024/texmf-dist/tex/generic/pgf/basiclayer/pgfcoretransparency.code.tex
File: pgfcoretransparency.code.tex 2023-01-15 v3.1.10 (3.1.10)
) (c:/texlive/2024/texmf-dist/tex/generic/pgf/basiclayer/pgfcorepatterns.code.tex
File: pgfcorepatterns.code.tex 2023-01-15 v3.1.10 (3.1.10)
) (c:/texlive/2024/texmf-dist/tex/generic/pgf/basiclayer/pgfcorerdf.code.tex
File: pgfcorerdf.code.tex 2023-01-15 v3.1.10 (3.1.10)
))) (c:/texlive/2024/texmf-dist/tex/generic/pgf/modules/pgfmoduleshapes.code.tex
File: pgfmoduleshapes.code.tex 2023-01-15 v3.1.10 (3.1.10)
\pgfnodeparttextbox=\box66
) (c:/texlive/2024/texmf-dist/tex/generic/pgf/modules/pgfmoduleplot.code.tex
File: pgfmoduleplot.code.tex 2023-01-15 v3.1.10 (3.1.10)
) (c:/texlive/2024/texmf-dist/tex/latex/pgf/compatibility/pgfcomp-version-0-65.sty
Package: pgfcomp-version-0-65 2023-01-15 v3.1.10 (3.1.10)
\pgf@nodesepstart=\dimen300
\pgf@nodesepend=\dimen301
) (c:/texlive/2024/texmf-dist/tex/latex/pgf/compatibility/pgfcomp-version-1-18.sty
Package: pgfcomp-version-1-18 2023-01-15 v3.1.10 (3.1.10)
)) (c:/texlive/2024/texmf-dist/tex/latex/pgf/utilities/pgffor.sty (c:/texlive/2024/texmf-dist/tex/latex/pgf/utilities/pgfkeys.sty (c:/texlive/2024/texmf-dist/tex/generic/pgf/utilities/pgfkeys.code.tex)) (c:/texlive/2024/texmf-dist/tex/latex/pgf/math/pgfmath.sty (c:/texlive/2024/texmf-dist/tex/generic/pgf/math/pgfmath.code.tex)) (c:/texlive/2024/texmf-dist/tex/generic/pgf/utilities/pgffor.code.tex
Package: pgffor 2023-01-15 v3.1.10 (3.1.10)
\pgffor@iter=\dimen302
\pgffor@skip=\dimen303
\pgffor@stack=\toks36
\pgffor@toks=\toks37
)) (c:/texlive/2024/texmf-dist/tex/generic/pgf/frontendlayer/tikz/tikz.code.tex
Package: tikz 2023-01-15 v3.1.10 (3.1.10)
 (c:/texlive/2024/texmf-dist/tex/generic/pgf/libraries/pgflibraryplothandlers.code.tex
File: pgflibraryplothandlers.code.tex 2023-01-15 v3.1.10 (3.1.10)
\pgf@plot@mark@count=\count325
\pgfplotmarksize=\dimen304
)
\tikz@lastx=\dimen305
\tikz@lasty=\dimen306
\tikz@lastxsaved=\dimen307
\tikz@lastysaved=\dimen308
\tikz@lastmovetox=\dimen309
\tikz@lastmovetoy=\dimen310
\tikzleveldistance=\dimen311
\tikzsiblingdistance=\dimen312
\tikz@figbox=\box67
\tikz@figbox@bg=\box68
\tikz@tempbox=\box69
\tikz@tempbox@bg=\box70
\tikztreelevel=\count326
\tikznumberofchildren=\count327
\tikznumberofcurrentchild=\count328
\tikz@fig@count=\count329
 (c:/texlive/2024/texmf-dist/tex/generic/pgf/modules/pgfmodulematrix.code.tex
File: pgfmodulematrix.code.tex 2023-01-15 v3.1.10 (3.1.10)
\pgfmatrixcurrentrow=\count330
\pgfmatrixcurrentcolumn=\count331
\pgf@matrix@numberofcolumns=\count332
)
\tikz@expandcount=\count333
 (c:/texlive/2024/texmf-dist/tex/generic/pgf/frontendlayer/tikz/libraries/tikzlibrarytopaths.code.tex
File: tikzlibrarytopaths.code.tex 2023-01-15 v3.1.10 (3.1.10)
))) (c:/texlive/2024/texmf-dist/tex/latex/ntheorem/ntheorem.sty
Style `ntheorem', Version 1.33 <2011/08/15>
Package: ntheorem 2011/08/15 1.33
(c:/texlive/2024/texmf-dist/tex/latex/base/ifthen.sty
Package: ifthen 2022/04/13 v1.1d Standard LaTeX ifthen package (DPC)
)
\theorem@style=\toks38
\theorem@@style=\toks39
\theorembodyfont=\toks40
\theoremnumbering=\toks41
\theorempreskipamount=\skip64
\theorempostskipamount=\skip65
\theoremframepreskipamount=\skip66
\theoremframepostskipamount=\skip67
\theoreminframepreskipamount=\skip68
\theoreminframepostskipamount=\skip69
\theorem@preskip=\toks42
\theorem@postskip=\toks43
\theorem@framepreskip=\toks44
\theorem@framepostskip=\toks45
\theorem@inframepreskip=\toks46
\theorem@inframepostskip=\toks47
\theoremindent=\dimen313
\theorem@indent=\dimen314
\theoremrightindent=\dimen315
\theorem@rightindent=\dimen316
\theoremheaderfont=\toks48
\theoremseparator=\toks49
\theoremprework=\toks50
\theorempostwork=\toks51
\theoremsymbol=\toks52
\qedsymbol=\toks53
\theoremkeyword=\toks54
\qedsymbol=\toks55
\thm@topsep=\skip70
\thm@topsepadd=\skip71
) (c:/texlive/2024/texmf-dist/tex/latex/blkarray/blkarray.sty
Package: blkarray 2015/02/27 v0.07 Block array (dpc)
\c@BAenumi=\count334
\BA@col=\count335
\BA@block@cnt=\count336
\BA@final@box=\box71
\BA@first@box=\box72
\BA@colsep=\dimen317
\BA@ftn=\toks56
\BAextrarowheight=\dimen318
\BAextraheightafterhline=\dimen319
\BAarrayrulewidth=\dimen320
\BAdoublerulesep=\dimen321
\BAfootskip=\dimen322
\BA@dashbox=\box73
\BA@ddashbox=\box74
) (c:/texlive/2024/texmf-dist/tex/latex/tools/bm.sty
Package: bm 2023/07/08 v1.2f Bold Symbol Support (DPC/FMi)
\symboldoperators=\mathgroup7
\symboldletters=\mathgroup8
\symboldsymbols=\mathgroup9
Package bm Info: No bold for \OMX/cmex/m/n, using \pmb.
Package bm Info: No bold for \U/msa/m/n, using \pmb.
Package bm Info: No bold for \U/msb/m/n, using \pmb.
Package bm Info: No bold for \U/rsfs/m/n, using \pmb.
LaTeX Font Info:    Redeclaring math alphabet \mathbf on input line 149.
) (c:/texlive/2024/texmf-dist/tex/latex/hyperref/hyperref.sty
Package: hyperref 2024-01-20 v7.01h Hypertext links for LaTeX
 (c:/texlive/2024/texmf-dist/tex/latex/kvsetkeys/kvsetkeys.sty
Package: kvsetkeys 2022-10-05 v1.19 Key value parser (HO)
) (c:/texlive/2024/texmf-dist/tex/generic/kvdefinekeys/kvdefinekeys.sty
Package: kvdefinekeys 2019-12-19 v1.6 Define keys (HO)
) (c:/texlive/2024/texmf-dist/tex/generic/pdfescape/pdfescape.sty
Package: pdfescape 2019/12/09 v1.15 Implements pdfTeX's escape features (HO)
 (c:/texlive/2024/texmf-dist/tex/generic/ltxcmds/ltxcmds.sty
Package: ltxcmds 2023-12-04 v1.26 LaTeX kernel commands for general use (HO)
) (c:/texlive/2024/texmf-dist/tex/generic/pdftexcmds/pdftexcmds.sty
Package: pdftexcmds 2020-06-27 v0.33 Utility functions of pdfTeX for LuaTeX (HO)
 (c:/texlive/2024/texmf-dist/tex/generic/infwarerr/infwarerr.sty
Package: infwarerr 2019/12/03 v1.5 Providing info/warning/error messages (HO)
)
Package pdftexcmds Info: \pdf@primitive is available.
Package pdftexcmds Info: \pdf@ifprimitive is available.
Package pdftexcmds Info: \pdfdraftmode not found.
)) (c:/texlive/2024/texmf-dist/tex/latex/hycolor/hycolor.sty
Package: hycolor 2020-01-27 v1.10 Color options for hyperref/bookmark (HO)
) (c:/texlive/2024/texmf-dist/tex/latex/auxhook/auxhook.sty
Package: auxhook 2019-12-17 v1.6 Hooks for auxiliary files (HO)
) (c:/texlive/2024/texmf-dist/tex/latex/hyperref/nameref.sty
Package: nameref 2023-11-26 v2.56 Cross-referencing by name of section
 (c:/texlive/2024/texmf-dist/tex/latex/refcount/refcount.sty
Package: refcount 2019/12/15 v3.6 Data extraction from label references (HO)
) (c:/texlive/2024/texmf-dist/tex/generic/gettitlestring/gettitlestring.sty
Package: gettitlestring 2019/12/15 v1.6 Cleanup title references (HO)
 (c:/texlive/2024/texmf-dist/tex/latex/kvoptions/kvoptions.sty
Package: kvoptions 2022-06-15 v3.15 Key value format for package options (HO)
))
\c@section@level=\count337
) (c:/texlive/2024/texmf-dist/tex/latex/etoolbox/etoolbox.sty
Package: etoolbox 2020/10/05 v2.5k e-TeX tools for LaTeX (JAW)
\etb@tempcnta=\count338
)
\@linkdim=\dimen323
\Hy@linkcounter=\count339
\Hy@pagecounter=\count340
 (c:/texlive/2024/texmf-dist/tex/latex/hyperref/pd1enc.def
File: pd1enc.def 2024-01-20 v7.01h Hyperref: PDFDocEncoding definition (HO)
) (c:/texlive/2024/texmf-dist/tex/generic/intcalc/intcalc.sty
Package: intcalc 2019/12/15 v1.3 Expandable calculations with integers (HO)
)
\Hy@SavedSpaceFactor=\count341
 (c:/texlive/2024/texmf-dist/tex/latex/hyperref/puenc.def
File: puenc.def 2024-01-20 v7.01h Hyperref: PDF Unicode definition (HO)
)
Package hyperref Info: Option `unicode' set `true' on input line 4062.
Package hyperref Info: Option `colorlinks' set `true' on input line 4062.
Package hyperref Info: Hyper figures OFF on input line 4179.
Package hyperref Info: Link nesting OFF on input line 4184.
Package hyperref Info: Hyper index ON on input line 4187.
Package hyperref Info: Plain pages OFF on input line 4194.
Package hyperref Info: Backreferencing OFF on input line 4199.
Package hyperref Info: Implicit mode ON; LaTeX internals redefined.
Package hyperref Info: Bookmarks ON on input line 4446.
\c@Hy@tempcnt=\count342
 (c:/texlive/2024/texmf-dist/tex/latex/url/url.sty
\Urlmuskip=\muskip18
Package: url 2013/09/16  ver 3.4  Verb mode for urls, etc.
)
LaTeX Info: Redefining \url on input line 4784.
\XeTeXLinkMargin=\dimen324
 (c:/texlive/2024/texmf-dist/tex/generic/bitset/bitset.sty
Package: bitset 2019/12/09 v1.3 Handle bit-vector datatype (HO)
 (c:/texlive/2024/texmf-dist/tex/generic/bigintcalc/bigintcalc.sty
Package: bigintcalc 2019/12/15 v1.5 Expandable calculations on big integers (HO)
))
\Fld@menulength=\count343
\Field@Width=\dimen325
\Fld@charsize=\dimen326
Package hyperref Info: Hyper figures OFF on input line 6063.
Package hyperref Info: Link nesting OFF on input line 6068.
Package hyperref Info: Hyper index ON on input line 6071.
Package hyperref Info: backreferencing OFF on input line 6078.
Package hyperref Info: Link coloring ON on input line 6081.
Package hyperref Info: Link coloring with OCG OFF on input line 6088.
Package hyperref Info: PDF/A mode OFF on input line 6093.
 (c:/texlive/2024/texmf-dist/tex/latex/base/atbegshi-ltx.sty
Package: atbegshi-ltx 2021/01/10 v1.0c Emulation of the original atbegshi
package with kernel methods
)
\Hy@abspage=\count344
\c@Item=\count345
\c@Hfootnote=\count346
)
Package hyperref Info: Driver (autodetected): hxetex.
 (c:/texlive/2024/texmf-dist/tex/latex/hyperref/hxetex.def
File: hxetex.def 2024-01-20 v7.01h Hyperref driver for XeTeX
 (c:/texlive/2024/texmf-dist/tex/generic/stringenc/stringenc.sty
Package: stringenc 2019/11/29 v1.12 Convert strings between diff. encodings (HO)
)
\pdfm@box=\box75
\c@Hy@AnnotLevel=\count347
\HyField@AnnotCount=\count348
\Fld@listcount=\count349
\c@bookmark@seq@number=\count350
 (c:/texlive/2024/texmf-dist/tex/latex/rerunfilecheck/rerunfilecheck.sty
Package: rerunfilecheck 2022-07-10 v1.10 Rerun checks for auxiliary files (HO)
 (c:/texlive/2024/texmf-dist/tex/latex/base/atveryend-ltx.sty
Package: atveryend-ltx 2020/08/19 v1.0a Emulation of the original atveryend package
with kernel methods
) (c:/texlive/2024/texmf-dist/tex/generic/uniquecounter/uniquecounter.sty
Package: uniquecounter 2019/12/15 v1.4 Provide unlimited unique counter (HO)
)
Package uniquecounter Info: New unique counter `rerunfilecheck' on input line 285.
)
\Hy@SectionHShift=\skip72
) (c:/texlive/2024/texmf-dist/tex/latex/tools/enumerate.sty
Package: enumerate 2023/07/04 v3.00 enumerate extensions (DPC)
\@enLab=\toks57
) (c:/texlive/2024/texmf-dist/tex/latex/mdframed/mdframed.sty
Package: mdframed 2013/07/01 1.9b: mdframed
 (c:/texlive/2024/texmf-dist/tex/latex/zref/zref-abspage.sty
Package: zref-abspage 2023-09-14 v2.35 Module abspage for zref (HO)
 (c:/texlive/2024/texmf-dist/tex/latex/zref/zref-base.sty
Package: zref-base 2023-09-14 v2.35 Module base for zref (HO)
 (c:/texlive/2024/texmf-dist/tex/generic/etexcmds/etexcmds.sty
Package: etexcmds 2019/12/15 v1.7 Avoid name clashes with e-TeX commands (HO)
)
Package zref Info: New property list: main on input line 767.
Package zref Info: New property: default on input line 768.
Package zref Info: New property: page on input line 769.
)
Package zref Info: New property: abspage on input line 67.
) (c:/texlive/2024/texmf-dist/tex/latex/needspace/needspace.sty
Package: needspace 2010/09/12 v1.3d reserve vertical space
)
\mdf@templength=\skip73
\c@mdf@globalstyle@cnt=\count351
\mdf@skipabove@length=\skip74
\mdf@skipbelow@length=\skip75
\mdf@leftmargin@length=\skip76
\mdf@rightmargin@length=\skip77
\mdf@innerleftmargin@length=\skip78
\mdf@innerrightmargin@length=\skip79
\mdf@innertopmargin@length=\skip80
\mdf@innerbottommargin@length=\skip81
\mdf@splittopskip@length=\skip82
\mdf@splitbottomskip@length=\skip83
\mdf@outermargin@length=\skip84
\mdf@innermargin@length=\skip85
\mdf@linewidth@length=\skip86
\mdf@innerlinewidth@length=\skip87
\mdf@middlelinewidth@length=\skip88
\mdf@outerlinewidth@length=\skip89
\mdf@roundcorner@length=\skip90
\mdf@footenotedistance@length=\skip91
\mdf@userdefinedwidth@length=\skip92
\mdf@needspace@length=\skip93
\mdf@frametitleaboveskip@length=\skip94
\mdf@frametitlebelowskip@length=\skip95
\mdf@frametitlerulewidth@length=\skip96
\mdf@frametitleleftmargin@length=\skip97
\mdf@frametitlerightmargin@length=\skip98
\mdf@shadowsize@length=\skip99
\mdf@extratopheight@length=\skip100
\mdf@subtitleabovelinewidth@length=\skip101
\mdf@subtitlebelowlinewidth@length=\skip102
\mdf@subtitleaboveskip@length=\skip103
\mdf@subtitlebelowskip@length=\skip104
\mdf@subtitleinneraboveskip@length=\skip105
\mdf@subtitleinnerbelowskip@length=\skip106
\mdf@subsubtitleabovelinewidth@length=\skip107
\mdf@subsubtitlebelowlinewidth@length=\skip108
\mdf@subsubtitleaboveskip@length=\skip109
\mdf@subsubtitlebelowskip@length=\skip110
\mdf@subsubtitleinneraboveskip@length=\skip111
\mdf@subsubtitleinnerbelowskip@length=\skip112
 (c:/texlive/2024/texmf-dist/tex/latex/mdframed/md-frame-1.mdf
File: md-frame-1.mdf 2013/07/01\ 1.9b: md-frame-1
)
\mdf@frametitlebox=\box76
\mdf@footnotebox=\box77
\mdf@splitbox@one=\box78
\mdf@splitbox@two=\box79
\mdf@splitbox@save=\box80
\mdfsplitboxwidth=\skip113
\mdfsplitboxtotalwidth=\skip114
\mdfsplitboxheight=\skip115
\mdfsplitboxdepth=\skip116
\mdfsplitboxtotalheight=\skip117
\mdfframetitleboxwidth=\skip118
\mdfframetitleboxtotalwidth=\skip119
\mdfframetitleboxheight=\skip120
\mdfframetitleboxdepth=\skip121
\mdfframetitleboxtotalheight=\skip122
\mdffootnoteboxwidth=\skip123
\mdffootnoteboxtotalwidth=\skip124
\mdffootnoteboxheight=\skip125
\mdffootnoteboxdepth=\skip126
\mdffootnoteboxtotalheight=\skip127
\mdftotallinewidth=\skip128
\mdfboundingboxwidth=\skip129
\mdfboundingboxtotalwidth=\skip130
\mdfboundingboxheight=\skip131
\mdfboundingboxdepth=\skip132
\mdfboundingboxtotalheight=\skip133
\mdf@freevspace@length=\skip134
\mdf@horizontalwidthofbox@length=\skip135
\mdf@verticalmarginwhole@length=\skip136
\mdf@horizontalspaceofbox=\skip137
\mdfsubtitleheight=\skip138
\mdfsubsubtitleheight=\skip139
\c@mdfcountframes=\count352

****** mdframed patching \endmdf@trivlist

****** -- success******

\mdf@envdepth=\count353
\c@mdf@env@i=\count354
\c@mdf@env@ii=\count355
\c@mdf@zref@counter=\count356
Package zref Info: New property: mdf@pagevalue on input line 895.
)
\c@example=\count357
 (c:/texlive/2024/texmf-dist/tex/latex/tcolorbox/tcolorbox.sty
Package: tcolorbox 2024/01/10 version 6.2.0 text color boxes
 (c:/texlive/2024/texmf-dist/tex/latex/tools/verbatim.sty
Package: verbatim 2023-11-06 v1.5v LaTeX2e package for verbatim enhancements
\every@verbatim=\toks58
\verbatim@line=\toks59
\verbatim@in@stream=\read3
) (c:/texlive/2024/texmf-dist/tex/latex/environ/environ.sty
Package: environ 2014/05/04 v0.3 A new way to define environments
 (c:/texlive/2024/texmf-dist/tex/latex/trimspaces/trimspaces.sty
Package: trimspaces 2009/09/17 v1.1 Trim spaces around a token list
))
\tcb@titlebox=\box81
\tcb@upperbox=\box82
\tcb@lowerbox=\box83
\tcb@phantombox=\box84
\c@tcbbreakpart=\count358
\c@tcblayer=\count359
\c@tcolorbox@number=\count360
\l__tcobox_tmpa_box=\box85
\l__tcobox_tmpa_dim=\dimen327
\tcb@temp=\box86
\tcb@temp=\box87
\tcb@temp=\box88
\tcb@temp=\box89
) (c:/texlive/2024/texmf-dist/tex/latex/tcolorbox/tcbbreakable.code.tex
Library (tcolorbox): 'tcbbreakable.code.tex' version '6.2.0'
(c:/texlive/2024/texmf-dist/tex/latex/pdfcol/pdfcol.sty
Package: pdfcol 2022-09-21 v1.7 Handle new color stacks for pdfTeX (HO)
Package pdfcol Info: Interface disabled because of missing PDF mode of pdfTeX.
)
Package pdfcol Info: pdfTeX's color stacks are not available.
\tcb@testbox=\box90
\tcb@totalupperbox=\box91
\tcb@totallowerbox=\box92
) (c:/texlive/2024/texmf-dist/tex/latex/tcolorbox/tcbraster.code.tex
Library (tcolorbox): 'tcbraster.code.tex' version '6.2.0'
\c@tcbrastercolumn=\count361
\c@tcbrasterrow=\count362
\c@tcbrasternum=\count363
\c@tcbraster=\count364
) (c:/texlive/2024/texmf-dist/tex/latex/tcolorbox/tcbskins.code.tex
Library (tcolorbox): 'tcbskins.code.tex' version '6.2.0'
(c:/texlive/2024/texmf-dist/tex/latex/tikzfill/tikzfill.image.sty
Package: tikzfill.image 2023/08/08 v1.0.1 Image filling library for TikZ
 (c:/texlive/2024/texmf-dist/tex/latex/tikzfill/tikzfill-common.sty
Package: tikzfill-common 2023/08/08 v1.0.1 Auxiliary code for tikzfill
) (c:/texlive/2024/texmf-dist/tex/latex/tikzfill/tikzlibraryfill.image.code.tex
File: tikzlibraryfill.image.code.tex 2023/08/08 v1.0.1 Image filling library
\l__tikzfill_img_box=\box93
)) (c:/texlive/2024/texmf-dist/tex/latex/tcolorbox/tcbskinsjigsaw.code.tex
Library (tcolorbox): 'tcbskinsjigsaw.code.tex' version '6.2.0'
)) (c:/texlive/2024/texmf-dist/tex/latex/tcolorbox/tcbhooks.code.tex
Library (tcolorbox): 'tcbhooks.code.tex' version '6.2.0'
) (c:/texlive/2024/texmf-dist/tex/latex/tcolorbox/tcbtheorems.code.tex
Library (tcolorbox): 'tcbtheorems.code.tex' version '6.2.0'
) (c:/texlive/2024/texmf-dist/tex/latex/tcolorbox/tcbfitting.code.tex
Library (tcolorbox): 'tcbfitting.code.tex' version '6.2.0'
\tcbfitdim=\dimen328
\tcb@lowerfitdim=\dimen329
\tcb@upperfitdim=\dimen330
\tcb@cur@hbadness=\count365
) (c:/texlive/2024/texmf-dist/tex/latex/tcolorbox/tcblistingsutf8.code.tex
Library (tcolorbox): 'tcblistingsutf8.code.tex' version '6.2.0'
(c:/texlive/2024/texmf-dist/tex/latex/tcolorbox/tcblistings.code.tex
Library (tcolorbox): 'tcblistings.code.tex' version '6.2.0'
(c:/texlive/2024/texmf-dist/tex/latex/listings/listings.sty
\lst@mode=\count366
\lst@gtempboxa=\box94
\lst@token=\toks60
\lst@length=\count367
\lst@currlwidth=\dimen331
\lst@column=\count368
\lst@pos=\count369
\lst@lostspace=\dimen332
\lst@width=\dimen333
\lst@newlines=\count370
\lst@lineno=\count371
\lst@maxwidth=\dimen334
 (c:/texlive/2024/texmf-dist/tex/latex/listings/lstpatch.sty
File: lstpatch.sty 2024/02/21 1.10 (Carsten Heinz)
) (c:/texlive/2024/texmf-dist/tex/latex/listings/lstmisc.sty
File: lstmisc.sty 2024/02/21 1.10 (Carsten Heinz)
\c@lstnumber=\count372
\lst@skipnumbers=\count373
\lst@framebox=\box95
) (c:/texlive/2024/texmf-dist/tex/latex/listings/listings.cfg
File: listings.cfg 2024/02/21 1.10 listings configuration
))
Package: listings 2024/02/21 1.10 (Carsten Heinz)
 (c:/texlive/2024/texmf-dist/tex/xelatex/xecjk/xeCJK-listings.sty
Package: xeCJK-listings 2022/08/05 v3.9.1 xeCJK patch file for listings
\l__xeCJK_listings_max_char_int=\count374
\l__xeCJK_listings_flag_int=\count375
) (c:/texlive/2024/texmf-dist/tex/latex/tcolorbox/tcblistingscore.code.tex
Library (tcolorbox): 'tcblistingscore.code.tex' version '6.2.0'
(c:/texlive/2024/texmf-dist/tex/latex/tcolorbox/tcbprocessing.code.tex
Library (tcolorbox): 'tcbprocessing.code.tex' version '6.2.0'
)
\c@tcblisting=\count376
))
Package tcolorbox Info: Library `listingsutf8' is compatible with pdftex only. Library `listings` is loaded instead. on input line 29.
) (c:/texlive/2024/texmf-dist/tex/latex/tcolorbox/tcbexternal.code.tex
Library (tcolorbox): 'tcbexternal.code.tex' version '6.2.0'
) (c:/texlive/2024/texmf-dist/tex/latex/tcolorbox/tcbmagazine.code.tex
Library (tcolorbox): 'tcbmagazine.code.tex' version '6.2.0'
) (c:/texlive/2024/texmf-dist/tex/latex/tcolorbox/tcbvignette.code.tex
Library (tcolorbox): 'tcbvignette.code.tex' version '6.2.0'
(c:/texlive/2024/texmf-dist/tex/generic/pgf/frontendlayer/tikz/libraries/tikzlibraryfadings.code.tex
File: tikzlibraryfadings.code.tex 2023-01-15 v3.1.10 (3.1.10)
 (c:/texlive/2024/texmf-dist/tex/generic/pgf/libraries/pgflibraryfadings.code.tex
File: pgflibraryfadings.code.tex 2023-01-15 v3.1.10 (3.1.10)
))) (c:/texlive/2024/texmf-dist/tex/latex/tcolorbox/tcbposter.code.tex
Library (tcolorbox): 'tcbposter.code.tex' version '6.2.0'
) (c:/texlive/2024/texmf-dist/tex/latex/mathtools/mathtools.sty
Package: mathtools 2024/03/11 v1.30 mathematical typesetting tools
 (c:/texlive/2024/texmf-dist/tex/latex/tools/calc.sty
Package: calc 2023/07/08 v4.3 Infix arithmetic (KKT,FJ)
\calc@Acount=\count377
\calc@Bcount=\count378
\calc@Adimen=\dimen335
\calc@Bdimen=\dimen336
\calc@Askip=\skip140
\calc@Bskip=\skip141
LaTeX Info: Redefining \setlength on input line 80.
LaTeX Info: Redefining \addtolength on input line 81.
\calc@Ccount=\count379
\calc@Cskip=\skip142
) (c:/texlive/2024/texmf-dist/tex/latex/mathtools/mhsetup.sty
Package: mhsetup 2021/03/18 v1.4 programming setup (MH)
)
\g_MT_multlinerow_int=\count380
\l_MT_multwidth_dim=\dimen337
\origjot=\skip143
\l_MT_shortvdotswithinadjustabove_dim=\dimen338
\l_MT_shortvdotswithinadjustbelow_dim=\dimen339
\l_MT_above_intertext_sep=\dimen340
\l_MT_below_intertext_sep=\dimen341
\l_MT_above_shortintertext_sep=\dimen342
\l_MT_below_shortintertext_sep=\dimen343
\xmathstrut@box=\box96
\xmathstrut@dim=\dimen344
) (c:/texlive/2024/texmf-dist/tex/generic/pgf/frontendlayer/tikz/libraries/tikzlibrarydecorations.pathmorphing.code.tex (c:/texlive/2024/texmf-dist/tex/generic/pgf/frontendlayer/tikz/libraries/tikzlibrarydecorations.code.tex (c:/texlive/2024/texmf-dist/tex/generic/pgf/modules/pgfmoduledecorations.code.tex
\pgfdecoratedcompleteddistance=\dimen345
\pgfdecoratedremainingdistance=\dimen346
\pgfdecoratedinputsegmentcompleteddistance=\dimen347
\pgfdecoratedinputsegmentremainingdistance=\dimen348
\pgf@decorate@distancetomove=\dimen349
\pgf@decorate@repeatstate=\count381
\pgfdecorationsegmentamplitude=\dimen350
\pgfdecorationsegmentlength=\dimen351
)
\tikz@lib@dec@box=\box97
) (c:/texlive/2024/texmf-dist/tex/generic/pgf/libraries/decorations/pgflibrarydecorations.pathmorphing.code.tex)) (c:/texlive/2024/texmf-dist/tex/generic/pgf/frontendlayer/tikz/libraries/tikzlibrarypatterns.code.tex
File: tikzlibrarypatterns.code.tex 2023-01-15 v3.1.10 (3.1.10)
 (c:/texlive/2024/texmf-dist/tex/generic/pgf/libraries/pgflibrarypatterns.code.tex
File: pgflibrarypatterns.code.tex 2023-01-15 v3.1.10 (3.1.10)
)) (c:/texlive/2024/texmf-dist/tex/generic/pgf/frontendlayer/tikz/libraries/tikzlibrarycalc.code.tex
File: tikzlibrarycalc.code.tex 2023-01-15 v3.1.10 (3.1.10)
) (c:/texlive/2024/texmf-dist/tex/generic/pgf/frontendlayer/tikz/libraries/tikzlibrarydecorations.markings.code.tex (c:/texlive/2024/texmf-dist/tex/generic/pgf/libraries/decorations/pgflibrarydecorations.markings.code.tex)) (c:/texlive/2024/texmf-dist/tex/generic/pgf/frontendlayer/tikz/libraries/tikzlibrarypositioning.code.tex
File: tikzlibrarypositioning.code.tex 2023-01-15 v3.1.10 (3.1.10)
) (c:/texlive/2024/texmf-dist/tex/generic/pgf/frontendlayer/tikz/libraries/tikzlibrarysnakes.code.tex
File: tikzlibrarysnakes.code.tex 2023-01-15 v3.1.10 (3.1.10)


Package pgf Warning: Snakes have been superseded by decorations. Please use the decoration libraries instead of the snakes library on input line 14.

(c:/texlive/2024/texmf-dist/tex/generic/pgf/frontendlayer/tikz/libraries/tikzlibrarydecorations.pathreplacing.code.tex (c:/texlive/2024/texmf-dist/tex/generic/pgf/libraries/decorations/pgflibrarydecorations.pathreplacing.code.tex)) (c:/texlive/2024/texmf-dist/tex/generic/pgf/frontendlayer/tikz/libraries/tikzlibrarydecorations.shapes.code.tex (c:/texlive/2024/texmf-dist/tex/generic/pgf/libraries/decorations/pgflibrarydecorations.shapes.code.tex))) (c:/texlive/2024/texmf-dist/tex/latex/yhmath/yhmath.sty
Package: yhmath 2020/03/17 v1.6
\symyhlargesymbols=\mathgroup10
LaTeX Font Info:    Redeclaring math accent \widetilde on input line 29.
LaTeX Font Info:    Redeclaring math accent \widehat on input line 30.
LaTeX Font Info:    Redeclaring math symbol \braceld on input line 48.
LaTeX Font Info:    Redeclaring math symbol \bracerd on input line 49.
LaTeX Font Info:    Redeclaring math symbol \bracelu on input line 50.
LaTeX Font Info:    Redeclaring math symbol \braceru on input line 51.
LaTeX Font Info:    Redeclaring math delimiter \lmoustache on input line 53.
LaTeX Font Info:    Redeclaring math delimiter \rmoustache on input line 55.
LaTeX Font Info:    Redeclaring math delimiter \arrowvert on input line 57.
LaTeX Font Info:    Redeclaring math delimiter \Arrowvert on input line 59.
LaTeX Font Info:    Redeclaring math delimiter \Vert on input line 61.
LaTeX Font Info:    Redeclaring math delimiter \vert on input line 63.
LaTeX Font Info:    Redeclaring math delimiter \uparrow on input line 65.
LaTeX Font Info:    Redeclaring math delimiter \downarrow on input line 67.
LaTeX Font Info:    Redeclaring math delimiter \updownarrow on input line 69.
LaTeX Font Info:    Redeclaring math delimiter \Uparrow on input line 71.
LaTeX Font Info:    Redeclaring math delimiter \Downarrow on input line 73.
LaTeX Font Info:    Redeclaring math delimiter \Updownarrow on input line 75.
LaTeX Font Info:    Redeclaring math delimiter \backslash on input line 79.
LaTeX Font Info:    Redeclaring math delimiter \rangle on input line 81.
LaTeX Font Info:    Redeclaring math delimiter \langle on input line 83.
LaTeX Font Info:    Redeclaring math delimiter \rbrace on input line 85.
LaTeX Font Info:    Redeclaring math delimiter \lbrace on input line 87.
LaTeX Font Info:    Redeclaring math delimiter \rceil on input line 89.
LaTeX Font Info:    Redeclaring math delimiter \lceil on input line 91.
LaTeX Font Info:    Redeclaring math delimiter \rfloor on input line 93.
LaTeX Font Info:    Redeclaring math delimiter \lfloor on input line 95.
LaTeX Font Info:    Redeclaring math delimiter \lgroup on input line 97.
LaTeX Font Info:    Redeclaring math delimiter \rgroup on input line 99.
LaTeX Font Info:    Redeclaring math delimiter \bracevert on input line 101.
) (c:/texlive/2024/texmf-dist/tex/latex/longdivision/longdivision.sty
Package: longdivision 
\l__longdiv_quotient_int=\count382
\l__longdiv_position_int=\count383
\l__longdiv_point_digit_dividend_int=\count384
\l__longdiv_point_digit_quotient_int=\count385
\l__longdiv_repeat_digit_int=\count386
\l__longdiv_digit_group_length=\count387
\g__longdiv_temp_dim=\dimen352
\l__longdiv_extra_digits_int=\count388
\l__longdiv_max_extra_digits_int=\count389
\l__longdiv_digits_requested_int=\count390
\l__longdiv_display_divisions_int=\count391
\longdiv@tempcount=\count392
\l__longdiv_temp_int=\count393
\l__longdiv_temp_length_int=\count394
\l__longdiv_tempwidth_dim=\dimen353
\l__longdiv_rulethickness_dim=\dimen354
\longdiv@dividendlength=\skip144
\longdiv@dividendheight=\skip145
\longdiv@divisorheight=\skip146
\longdiv@maxheight=\skip147
) (c:/texlive/2024/texmf-dist/tex/latex/polynom/polynom.sty
Package: polynom 2017/07/17 0.19 (CH,HA)
\pld@currstage=\count395
) (c:/texlive/2024/texmf-dist/tex/latex/polynomial/polynomial.sty
Invalid UTF-8 byte or sequence at line 9 replaced by U+FFFD.
Package: polynomial 
Invalid UTF-8 byte or sequence at line 32 replaced by U+FFFD.
\shpol@numcoeff=\count396
\shpol@coeffnum=\count397
\shpol@exponent=\count398
) (c:/texlive/2024/texmf-dist/tex/latex/cancel/cancel.sty
Package: cancel 2013/04/12 v2.2 Cancel math terms
) (c:/texlive/2024/texmf-dist/tex/latex/tools/multicol.sty
Package: multicol 2023/03/30 v1.9f multicolumn formatting (FMi)
\c@tracingmulticols=\count399
\mult@box=\box98
\multicol@leftmargin=\dimen355
\c@unbalance=\count400
\c@collectmore=\count401
\doublecol@number=\count402
\multicoltolerance=\count403
\multicolpretolerance=\count404
\full@width=\dimen356
\page@free=\dimen357
\premulticols=\dimen358
\postmulticols=\dimen359
\multicolsep=\skip148
\multicolbaselineskip=\skip149
\partial@page=\box99
\last@line=\box100
\mc@boxedresult=\box101
\maxbalancingoverflow=\dimen360
\mult@rightbox=\box102
\mult@grightbox=\box103
\mult@firstbox=\box104
\mult@gfirstbox=\box105
\@tempa=\box106
\@tempa=\box107
\@tempa=\box108
\@tempa=\box109
\@tempa=\box110
\@tempa=\box111
\@tempa=\box112
\@tempa=\box113
\@tempa=\box114
\@tempa=\box115
\@tempa=\box116
\@tempa=\box117
\@tempa=\box118
\@tempa=\box119
\@tempa=\box120
\@tempa=\box121
\@tempa=\box122
\@tempa=\box123
\@tempa=\box124
\@tempa=\box125
\@tempa=\box126
\@tempa=\box127
\@tempa=\box128
\@tempa=\box129
\@tempa=\box130
\@tempa=\box131
\@tempa=\box132
\@tempa=\box133
\@tempa=\box134
\@tempa=\box135
\@tempa=\box136
\@tempa=\box137
\@tempa=\box138
\@tempa=\box139
\@tempa=\box140
\@tempa=\box141
\c@minrows=\count405
\c@columnbadness=\count406
\c@finalcolumnbadness=\count407
\last@try=\dimen361
\multicolovershoot=\dimen362
\multicolundershoot=\dimen363
\mult@nat@firstbox=\box142
\colbreak@box=\box143
\mc@col@check@num=\count408
) (c:/texlive/2024/texmf-dist/tex/latex/cases/cases.sty
Package: cases 2020/03/29 ver 3.2
\numc@numwid=\dimen364
) (./main.aux)
\openout1 = `main.aux'.

LaTeX Font Info:    Checking defaults for OML/cmm/m/it on input line 134.
LaTeX Font Info:    ... okay on input line 134.
LaTeX Font Info:    Checking defaults for OMS/cmsy/m/n on input line 134.
LaTeX Font Info:    ... okay on input line 134.
LaTeX Font Info:    Checking defaults for OT1/cmr/m/n on input line 134.
LaTeX Font Info:    ... okay on input line 134.
LaTeX Font Info:    Checking defaults for T1/cmr/m/n on input line 134.
LaTeX Font Info:    ... okay on input line 134.
LaTeX Font Info:    Checking defaults for TS1/cmr/m/n on input line 134.
LaTeX Font Info:    ... okay on input line 134.
LaTeX Font Info:    Checking defaults for TU/lmr/m/n on input line 134.
LaTeX Font Info:    ... okay on input line 134.
LaTeX Font Info:    Checking defaults for OMX/cmex/m/n on input line 134.
LaTeX Font Info:    ... okay on input line 134.
LaTeX Font Info:    Checking defaults for U/cmr/m/n on input line 134.
LaTeX Font Info:    ... okay on input line 134.
LaTeX Font Info:    Checking defaults for PD1/pdf/m/n on input line 134.
LaTeX Font Info:    ... okay on input line 134.
LaTeX Font Info:    Checking defaults for PU/pdf/m/n on input line 134.
LaTeX Font Info:    ... okay on input line 134.

Package fontspec Info: Adjusting the maths setup (use [no-math] to avoid
(fontspec)             this).

\symlegacymaths=\mathgroup11
LaTeX Font Info:    Overwriting symbol font `legacymaths' in version `bold'
(Font)                  OT1/cmr/m/n --> OT1/cmr/bx/n on input line 134.
LaTeX Font Info:    Redeclaring math accent \acute on input line 134.
LaTeX Font Info:    Redeclaring math accent \grave on input line 134.
LaTeX Font Info:    Redeclaring math accent \ddot on input line 134.
LaTeX Font Info:    Redeclaring math accent \tilde on input line 134.
LaTeX Font Info:    Redeclaring math accent \bar on input line 134.
LaTeX Font Info:    Redeclaring math accent \breve on input line 134.
LaTeX Font Info:    Redeclaring math accent \check on input line 134.
LaTeX Font Info:    Redeclaring math accent \hat on input line 134.
LaTeX Font Info:    Redeclaring math accent \dot on input line 134.
LaTeX Font Info:    Redeclaring math accent \mathring on input line 134.
LaTeX Font Info:    Redeclaring math symbol \Gamma on input line 134.
LaTeX Font Info:    Redeclaring math symbol \Delta on input line 134.
LaTeX Font Info:    Redeclaring math symbol \Theta on input line 134.
LaTeX Font Info:    Redeclaring math symbol \Lambda on input line 134.
LaTeX Font Info:    Redeclaring math symbol \Xi on input line 134.
LaTeX Font Info:    Redeclaring math symbol \Pi on input line 134.
LaTeX Font Info:    Redeclaring math symbol \Sigma on input line 134.
LaTeX Font Info:    Redeclaring math symbol \Upsilon on input line 134.
LaTeX Font Info:    Redeclaring math symbol \Phi on input line 134.
LaTeX Font Info:    Redeclaring math symbol \Psi on input line 134.
LaTeX Font Info:    Redeclaring math symbol \Omega on input line 134.
LaTeX Font Info:    Redeclaring math symbol \mathdollar on input line 134.
LaTeX Font Info:    Redeclaring symbol font `operators' on input line 134.
LaTeX Font Info:    Encoding `OT1' has changed to `TU' for symbol font
(Font)              `operators' in the math version `normal' on input line 134.
LaTeX Font Info:    Overwriting symbol font `operators' in version `normal'
(Font)                  OT1/cmr/m/n --> TU/lmr/m/n on input line 134.
LaTeX Font Info:    Encoding `OT1' has changed to `TU' for symbol font
(Font)              `operators' in the math version `bold' on input line 134.
LaTeX Font Info:    Overwriting symbol font `operators' in version `bold'
(Font)                  OT1/cmr/bx/n --> TU/lmr/m/n on input line 134.
LaTeX Font Info:    Overwriting symbol font `operators' in version `normal'
(Font)                  TU/lmr/m/n --> TU/lmr/m/n on input line 134.
LaTeX Font Info:    Overwriting math alphabet `\mathit' in version `normal'
(Font)                  OT1/cmr/m/it --> TU/lmr/m/it on input line 134.
LaTeX Font Info:    Overwriting math alphabet `\mathbf' in version `normal'
(Font)                  OT1/cmr/bx/n --> TU/lmr/b/n on input line 134.
LaTeX Font Info:    Overwriting math alphabet `\mathsf' in version `normal'
(Font)                  OT1/cmss/m/n --> TU/lmss/m/n on input line 134.
LaTeX Font Info:    Overwriting math alphabet `\mathtt' in version `normal'
(Font)                  OT1/cmtt/m/n --> TU/lmtt/m/n on input line 134.
LaTeX Font Info:    Overwriting symbol font `operators' in version `bold'
(Font)                  TU/lmr/m/n --> TU/lmr/b/n on input line 134.
LaTeX Font Info:    Overwriting math alphabet `\mathit' in version `bold'
(Font)                  OT1/cmr/bx/it --> TU/lmr/b/it on input line 134.
LaTeX Font Info:    Overwriting math alphabet `\mathsf' in version `bold'
(Font)                  OT1/cmss/bx/n --> TU/lmss/b/n on input line 134.
LaTeX Font Info:    Overwriting math alphabet `\mathtt' in version `bold'
(Font)                  OT1/cmtt/m/n --> TU/lmtt/b/n on input line 134.

*geometry* driver: auto-detecting
*geometry* detected driver: xetex
*geometry* verbose mode - [ preamble ] result:
* driver: xetex
* paper: b5paper
* layout: <same size as paper>
* layoutoffset:(h,v)=(0.0pt,0.0pt)
* modes: twoside 
* h-part:(L,W,R)=(71.13188pt, 358.50473pt, 71.13188pt)
* v-part:(T,H,B)=(71.13188pt, 569.05513pt, 71.13188pt)
* \paperwidth=500.7685pt
* \paperheight=711.3189pt
* \textwidth=358.50473pt
* \textheight=569.05513pt
* \oddsidemargin=-1.1381pt
* \evensidemargin=-1.1381pt
* \topmargin=-31.2056pt
* \headheight=12.0pt
* \headsep=18.06749pt
* \topskip=10.0pt
* \footskip=25.29494pt
* \marginparwidth=57.0pt
* \marginparsep=7.0pt
* \columnsep=10.0pt
* \skip\footins=9.0pt plus 4.0pt minus 2.0pt
* \hoffset=0.0pt
* \voffset=0.0pt
* \mag=1000
* \@twocolumnfalse
* \@twosidetrue
* \@mparswitchtrue
* \@reversemarginfalse
* (1in=72.27pt=25.4mm, 1cm=28.453pt)

Package caption Info: Begin \AtBeginDocument code.
Package caption Info: hyperref package is loaded.
Package caption Info: listings package is loaded.
Package caption Info: End \AtBeginDocument code.
Package hyperref Info: Link coloring ON on input line 134.
(./main.out) (./main.out)
\@outlinefile=\write4
\openout4 = `main.out'.

\c@lstlisting=\count409
LaTeX Font Info:    Trying to load font information for U+msa on input line 157.
 (c:/texlive/2024/texmf-dist/tex/latex/amsfonts/umsa.fd
File: umsa.fd 2013/01/14 v3.01 AMS symbols A
)
LaTeX Font Info:    Trying to load font information for U+msb on input line 157.
 (c:/texlive/2024/texmf-dist/tex/latex/amsfonts/umsb.fd
File: umsb.fd 2013/01/14 v3.01 AMS symbols B
)
LaTeX Font Info:    Trying to load font information for U+rsfs on input line 157.
 (c:/texlive/2024/texmf-dist/tex/latex/jknapltx/ursfs.fd
File: ursfs.fd 1998/03/24 rsfs font definition file (jk)
)
LaTeX Font Info:    Trying to load font information for OMX+yhex on input line 157.
 (c:/texlive/2024/texmf-dist/tex/latex/yhmath/OMXyhex.fd
File: OMXyhex.fd 
File: OMXyhex.fd 2013/07/03 v1.1 YH's humble contribution to TeX maths (NP)
) [1


] [2

] (./preface.tex [1

])
LaTeX Font Info:    Font shape `TU/SimSun(0)/m/sl' in size <10.53937> not available
(Font)              Font shape `TU/SimSun(0)/m/it' tried instead on input line 164.
 [2] (./main.toc

LaTeX Font Warning: Font shape `U/rsfs/m/n' in size <10.53937> not available
(Font)              size <10.95> substituted on input line 3.

[3

] [4] [5] [6])
\tf@toc=\write5
\openout5 = `main.toc'.

 [7] [8

] (./1.tex

[1

] [2] [3] [4] [5]
Package hyperref Info: bookmark level for unknown example defaults to 0 on input line 282.
 [6] [7] [8] [9] [10] [11] [12] [13] [14] [15] [16] [17] [18]
Underfull \vbox (badness 10000) has occurred while \output is active []

 [19] [20] [21] [22] [23] [24] [25] [26]

LaTeX Font Warning: Font shape `U/rsfs/m/n' in size <7.52812> not available
(Font)              size <8> substituted on input line 1172.

[27] [28] [29]
Underfull \vbox (badness 1163) has occurred while \output is active []

 [30] [31]
Missing character: There is no  (U+FF1A) in font [lmroman10-regular]:mapping=tex-text;!
[32] [33] [34] [35] [36] [37]
Underfull \vbox (badness 2237) has occurred while \output is active []

 [38]
Overfull \hbox (9.75398pt too wide) detected at line 1757
[] \OT1/cmr/m/n/10.53937 + [] \OML/cmm/m/it/10.53937 ;  [] \OT1/cmr/m/n/10.53937 + [] \OML/cmm/m/it/10.53937 ;  [] \OT1/cmr/m/n/10.53937 + [] \OML/cmm/m/it/10.53937 ;  [] \OT1/cmr/m/n/10.53937 + []
 []

[39]

LaTeX Font Warning: Font shape `U/rsfs/m/n' in size <18.06749> not available
(Font)              size <17.28> substituted on input line 1813.


LaTeX Font Warning: Font shape `U/rsfs/m/n' in size <15.05624> not available
(Font)              size <14.4> substituted on input line 1813.

[40] [41] [42] [43] [44] [45]
Overfull \hbox (6.38998pt too wide) in paragraph at lines 2068--2074
[]\TU/SimSun(0)/m/n/10.53937           |                 $\OT1/cmr/m/n/10.53937 (\OMS/cmsy/m/n/10.53937 ^^@\OML/cmm/m/it/10.53937 a\OT1/cmr/m/n/10.53937 ) + (+\OML/cmm/m/it/10.53937 a\OT1/cmr/m/n/10.53937 ) =
 []

[46] [47] [48] [49]
Overfull \hbox (4.60634pt too wide) detected at line 2266
\OT1/cmr/m/n/10.53937 (\OMS/cmsy/m/n/10.53937 ^^@\OT1/cmr/m/n/10.53937 0\OML/cmm/m/it/10.53937 :\OT1/cmr/m/n/10.53937 25) \OMS/cmsy/m/n/10.53937 ^^A \OT1/cmr/m/n/10.53937 (+8)\OML/cmm/m/it/10.53937 ;  \OT1/cmr/m/n/10.53937 (\OMS/cmsy/m/n/10.53937 ^^@\OT1/cmr/m/n/10.53937 0\OML/cmm/m/it/10.53937 :\OT1/cmr/m/n/10.53937 25) \OMS/cmsy/m/n/10.53937 ^^A \OT1/cmr/m/n/10.53937 (\OMS/cmsy/m/n/10.53937 ^^@\OT1/cmr/m/n/10.53937 8)\OML/cmm/m/it/10.53937 ;  \OMS/cmsy/m/n/10.53937 ^^@\OT1/cmr/m/n/10.53937 (+0\OML/cmm/m/it/10.53937 :\OT1/cmr/m/n/10.53937 25) \OMS/cmsy/m/n/10.53937 ^^A \OT1/cmr/m/n/10.53937 (\OMS/cmsy/m/n/10.53937 ^^@\OT1/cmr/m/n/10.53937 8)\OML/cmm/m/it/10.53937 ;  \OT1/cmr/m/n/10.53937 (\OMS/cmsy/m/n/10.53937 ^^@\OT1/cmr/m/n/10.53937 0\OML/cmm/m/it/10.53937 :\OT1/cmr/m/n/10.53937 25) \OMS/cmsy/m/n/10.53937 ^^A \OT1/cmr/m/n/10.53937 [\OMS/cmsy/m/n/10.53937 ^^@\OT1/cmr/m/n/10.53937 (\OMS/cmsy/m/n/10.53937 ^^@\OT1/cmr/m/n/10.53937 8)]
 []

[50] [51] [52] [53]
Overfull \hbox (12.7897pt too wide) in paragraph at lines 2425--2426
[]$[] \OMS/cmsy/m/n/10.53937 ^^D []$ 
 []

[54] [55] [56] [57]
Underfull \vbox (badness 10000) has occurred while \output is active []

 [58]
Overfull \hbox (25.58847pt too wide) detected at line 2653
[]
 []

[59] [60] [61] [62] [63] [64] [65] [66] [67] [68] [69] [70] [71] [72] [73] [74]
Missing character: There is no  (U+FF0C) in font [lmroman10-regular]:mapping=tex-text;!
[75] [76] [77] [78] [79] [80] [81] [82] [83]) (./2.tex [84]

[85

] [86] [87] [88] [89] [90] [91] [92] [93] [94] [95] [96] [97] [98] [99] [100] [101] [102] [103] [104] [105] [106] [107]
Underfull \hbox (badness 10000) in paragraph at lines 1243--1248
[]\TU/SimSun(0)/m/n/10.53937             $\OT1/cmr/m/n/10.53937 (\OML/cmm/m/it/10.53937 x; y\OT1/cmr/m/n/10.53937 )$\TU/SimSun(0)/m/n/10.53937 |       
 []

[108] [109] [110]
Underfull \vbox (badness 10000) has occurred while \output is active []

 [111] [112] [113] [114] [115] [116] [117] [118] [119]
Overfull \hbox (3.36122pt too wide) in paragraph at lines 1914--1918
[]$[]$ 
 []


Underfull \vbox (badness 5578) has occurred while \output is active []

 [120] [121] [122] [123]
Missing character: There is no  (U+5C0F) in font [lmroman10-regular]:mapping=tex-text;!
Missing character: There is no  (U+65F6) in font [lmroman10-regular]:mapping=tex-text;!
[124] [125] [126] [127] [128] [129] [130] [131] [132] [133] [134] [135] [136] [137] [138] [139]
Overfull \hbox (0.36865pt too wide) in paragraph at lines 2955--2958
[]\TU/SimSun(0)/m/n/10.53937             \TU/lmr/m/n/10.53937 900 \TU/SimSun(0)/m/n/10.53937   |              \TU/lmr/m/n/10.53937 15%\TU/SimSun(0)/m/n/10.53937 |
 []

[140]) (./3.tex [141]


Underfull \vbox (badness 6063) has occurred while \output is active []

 [142

] [143] [144] [145]
Underfull \vbox (badness 10000) has occurred while \output is active []

 [146] [147] [148]
Overfull \hbox (3.23131pt too wide) detected at line 446
[] \OT1/cmr/m/n/10.53937 = [] \OMS/cmsy/m/n/10.53937 ^^@ \OT1/cmr/m/n/10.53937 4 \OMS/cmsy/m/n/10.53937 ^^B []
 []

[149] [150] [151] [152] [153] [154] [155] [156] [157] [158]
Underfull \vbox (badness 1005) has occurred while \output is active []

 [159] [160]
Overfull \hbox (10.78159pt too wide) detected at line 1144
\OT1/cmr/m/n/10.53937 99\OML/cmm/m/it/10.53937 :\OT1/cmr/m/n/10.53937 23\OML/cmm/m/it/10.53937 ;  \OT1/cmr/m/n/10.53937 9\OML/cmm/m/it/10.53937 :\OT1/cmr/m/n/10.53937 123\OML/cmm/m/it/10.53937 ;  \OT1/cmr/m/n/10.53937 4\OML/cmm/m/it/10.53937 :\OT1/cmr/m/n/10.53937 017\OML/cmm/m/it/10.53937 ;  \OT1/cmr/m/n/10.53937 17\OML/cmm/m/it/10.53937 :\OT1/cmr/m/n/10.53937 536\OML/cmm/m/it/10.53937 ;  \OT1/cmr/m/n/10.53937 174\OML/cmm/m/it/10.53937 ;  \OT1/cmr/m/n/10.53937 1981\OML/cmm/m/it/10.53937 ;  \OT1/cmr/m/n/10.53937 2006\OML/cmm/m/it/10.53937 ;  \OT1/cmr/m/n/10.53937 75693\OML/cmm/m/it/10.53937 ;  \OT1/cmr/m/n/10.53937 1001230
 []

[161]

Package tcolorbox Warning: Using nobreak failed. Try to enlarge `lines before break' or set page breaks manually on input line 1162.

[162] [163] [164] [165] [166] [167] [168]
Underfull \vbox (badness 5022) has occurred while \output is active []

 [169]
Underfull \vbox (badness 5970) has occurred while \output is active []

 [170] [171] [172] [173] [174] [175] [176] [177] [178] [179] [180] [181] [182] [183] [184] [185] [186] [187] [188] [189] [190] [191] [192] [193] [194] [195] [196] [197] [198] [199] [200] [201] [202] [203] [204] [205] [206] [207] [208] [209] [210] [211] [212] [213]) (./4.tex [214]


Overfull \hbox (2.09662pt too wide) in paragraph at lines 7--9
\TU/SimSun(0)/m/n/10.53937 | $\OT1/cmr/m/n/10.53937 8\OML/cmm/m/it/10.53937 x;  \OT1/cmr/m/n/10.53937 9\OML/cmm/m/it/10.53937 x[];  \OMS/cmsy/m/n/10.53937 ^^@\OT1/cmr/m/n/10.53937 2\OML/cmm/m/it/10.53937 x[];  []x[];  \OMS/cmsy/m/n/10.53937 ^^@[]\OML/cmm/m/it/10.53937 x[];  \OT1/cmr/m/n/10.53937 0\OML/cmm/m/it/10.53937 :\OT1/cmr/m/n/10.53937 618\OML/cmm/m/it/10.53937 xy[];  \OMS/cmsy/m/n/10.53937 ^^@[]\OML/cmm/m/it/10.53937 x[];  \OT1/cmr/m/n/10.53937 7\OML/cmm/m/it/10.53937 x[]y;  \OMS/cmsy/m/n/10.53937 ^^@[]\OML/cmm/m/it/10.53937 xyz;  []x[]y[]z$\TU/lmr/m/n/10.53937 ,
 []

[215

] [216] [217]
Overfull \hbox (2.47722pt too wide) in paragraph at lines 145--146
[]$[]\OML/cmm/m/it/10.53937 xy[] \OMS/cmsy/m/n/10.53937 ^^@ \OML/cmm/m/it/10.53937 xy[] \OT1/cmr/m/n/10.53937 + 3\OML/cmm/m/it/10.53937 xy[] \OMS/cmsy/m/n/10.53937 ^^@ []\OML/cmm/m/it/10.53937 xy[] \OT1/cmr/m/n/10.53937 = [] \OML/cmm/m/it/10.53937 xy[] \OT1/cmr/m/n/10.53937 = [] \OML/cmm/m/it/10.53937 xy[]$ 
 []


Overfull \hbox (6.57388pt too wide) detected at line 153
\OT1/cmr/m/n/10.53937 7\OML/cmm/m/it/10.53937 x[] \OT1/cmr/m/n/10.53937 + (\OMS/cmsy/m/n/10.53937 ^^@\OT1/cmr/m/n/10.53937 9)\OML/cmm/m/it/10.53937 x[];  []x[] \OMS/cmsy/m/n/10.53937 ^^@ []\OML/cmm/m/it/10.53937 x[];  \OT1/cmr/m/n/10.53937 0\OML/cmm/m/it/10.53937 :\OT1/cmr/m/n/10.53937 5\OML/cmm/m/it/10.53937 x[] \OT1/cmr/m/n/10.53937 + []\OML/cmm/m/it/10.53937 x[];  \OT1/cmr/m/n/10.53937 81\OML/cmm/m/it/10.53937 x[] \OMS/cmsy/m/n/10.53937 ^^@ \OT1/cmr/m/n/10.53937 (\OMS/cmsy/m/n/10.53937 ^^@\OT1/cmr/m/n/10.53937 3\OML/cmm/m/it/10.53937 x[]\OT1/cmr/m/n/10.53937 )[]
 []

[218] [219] [220]
Missing character: There is no  (U+FF0B) in font [lmroman10-regular]:mapping=tex-text;!
[221] [222] [223]
Overfull \hbox (12.86147pt too wide) in paragraph at lines 386--388
\TU/SimSun(0)/m/n/10.53937  $\OML/cmm/m/it/10.53937 x$ \TU/SimSun(0)/m/n/10.53937      |    $\OML/cmm/m/it/10.53937 x \OT1/cmr/m/n/10.53937 = 0\OML/cmm/m/it/10.53937 ; \OMS/cmsy/m/n/10.53937 ^^@\OT1/cmr/m/n/10.53937 1\OML/cmm/m/it/10.53937 ; \OT1/cmr/m/n/10.53937 1\OML/cmm/m/it/10.53937 ; [] ; a$ \TU/SimSun(0)/m/n/10.53937 |   | $\OML/cmm/m/it/10.53937 f\OT1/cmr/m/n/10.53937 (0) = \OMS/cmsy/m/n/10.53937 ^^@\OT1/cmr/m/n/10.53937 1 = \OML/cmm/m/it/10.53937 g\OT1/cmr/m/n/10.53937 (0)\OML/cmm/m/it/10.53937 ;  f\OT1/cmr/m/n/10.53937 (\OMS/cmsy/m/n/10.53937 ^^@\OT1/cmr/m/n/10.53937 1) =
 []

[224] [225] [226] [227] [228] [229] [230] [231]
Overfull \hbox (8.59938pt too wide) detected at line 707
[]
 []


Overfull \hbox (25.0pt too wide) detected at line 707
[]
 []

[232] [233] [234] [235] [236] [237] [238]
Overfull \vbox (10.55269pt too high) has occurred while \output is active []

 [239] [240]
Overfull \hbox (2.96518pt too wide) detected at line 1091
\OT1/cmr/m/n/10.53937 (\OML/cmm/m/it/10.53937 x \OMS/cmsy/m/n/10.53937 ^^@ \OML/cmm/m/it/10.53937 y\OT1/cmr/m/n/10.53937 ) [] = \OML/cmm/m/it/10.53937 x[] \OMS/cmsy/m/n/10.53937 ^^@ \OML/cmm/m/it/10.53937 y[]
 []

[241] [242] [243] [244] [245] [246] [247]
Overfull \hbox (21.08208pt too wide) detected at line 1367
\OT1/cmr/m/n/10.53937 (\OML/cmm/m/it/10.53937 a \OT1/cmr/m/n/10.53937 + \OML/cmm/m/it/10.53937 b\OT1/cmr/m/n/10.53937 ) + (\OML/cmm/m/it/10.53937 c \OT1/cmr/m/n/10.53937 + \OML/cmm/m/it/10.53937 d\OT1/cmr/m/n/10.53937 )\OML/cmm/m/it/10.53937 ;  \OMS/cmsy/m/n/10.53937 ^^@\OT1/cmr/m/n/10.53937 (\OML/cmm/m/it/10.53937 a \OT1/cmr/m/n/10.53937 + \OML/cmm/m/it/10.53937 b\OT1/cmr/m/n/10.53937 ) \OMS/cmsy/m/n/10.53937 ^^@ \OT1/cmr/m/n/10.53937 (\OML/cmm/m/it/10.53937 c \OT1/cmr/m/n/10.53937 + \OML/cmm/m/it/10.53937 d\OT1/cmr/m/n/10.53937 )\OML/cmm/m/it/10.53937 ;  \OT1/cmr/m/n/10.53937 (\OML/cmm/m/it/10.53937 a \OMS/cmsy/m/n/10.53937 ^^@ \OML/cmm/m/it/10.53937 b\OT1/cmr/m/n/10.53937 ) \OMS/cmsy/m/n/10.53937 ^^@ \OT1/cmr/m/n/10.53937 (\OMS/cmsy/m/n/10.53937 ^^@\OML/cmm/m/it/10.53937 c \OT1/cmr/m/n/10.53937 + \OML/cmm/m/it/10.53937 d\OT1/cmr/m/n/10.53937 )\OML/cmm/m/it/10.53937 ;  \OMS/cmsy/m/n/10.53937 ^^@\OT1/cmr/m/n/10.53937 (\OML/cmm/m/it/10.53937 a \OMS/cmsy/m/n/10.53937 ^^@ \OML/cmm/m/it/10.53937 b\OT1/cmr/m/n/10.53937 ) + (\OMS/cmsy/m/n/10.53937 ^^@\OML/cmm/m/it/10.53937 c \OMS/cmsy/m/n/10.53937 ^^@ \OML/cmm/m/it/10.53937 d\OT1/cmr/m/n/10.53937 )
 []

[248]
Overfull \hbox (8.32483pt too wide) detected at line 1439
[] \OMS/cmsy/m/n/10.53937 ^^A \OT1/cmr/m/n/10.53937 (2\OML/cmm/m/it/10.53937 a \OMS/cmsy/m/n/10.53937 ^^@ \OT1/cmr/m/n/10.53937 3)\OML/cmm/m/it/10.53937 ;  [] \OMS/cmsy/m/n/10.53937 ^^A \OT1/cmr/m/n/10.53937 (2\OML/cmm/m/it/10.53937 y \OMS/cmsy/m/n/10.53937 ^^@ \OT1/cmr/m/n/10.53937 0\OML/cmm/m/it/10.53937 :\OT1/cmr/m/n/10.53937 5)\OML/cmm/m/it/10.53937 ;  \OT1/cmr/m/n/10.53937 (\OML/cmm/m/it/10.53937 x \OMS/cmsy/m/n/10.53937 ^^@ \OT1/cmr/m/n/10.53937 1)(\OML/cmm/m/it/10.53937 x \OT1/cmr/m/n/10.53937 + 3) + (\OML/cmm/m/it/10.53937 x \OMS/cmsy/m/n/10.53937 ^^@ \OT1/cmr/m/n/10.53937 1)[]
 []

[249]
Overfull \hbox (6.4025pt too wide) detected at line 1471
\OT1/cmr/m/n/10.53937 3(2\OML/cmm/m/it/10.53937 y \OT1/cmr/m/n/10.53937 + 1)(1 \OMS/cmsy/m/n/10.53937 ^^@ \OT1/cmr/m/n/10.53937 2\OML/cmm/m/it/10.53937 y\OT1/cmr/m/n/10.53937 ) \OMS/cmsy/m/n/10.53937 ^^@ \OT1/cmr/m/n/10.53937 4(\OMS/cmsy/m/n/10.53937 ^^@\OT1/cmr/m/n/10.53937 3\OML/cmm/m/it/10.53937 y \OMS/cmsy/m/n/10.53937 ^^@ \OT1/cmr/m/n/10.53937 2) \OMS/cmsy/m/n/10.53937 ^^A \OT1/cmr/m/n/10.53937 (3\OML/cmm/m/it/10.53937 y \OMS/cmsy/m/n/10.53937 ^^@ \OT1/cmr/m/n/10.53937 2)\OML/cmm/m/it/10.53937 ;  \OT1/cmr/m/n/10.53937 4\OML/cmm/m/it/10.53937 xy\OT1/cmr/m/n/10.53937 (\OML/cmm/m/it/10.53937 x \OMS/cmsy/m/n/10.53937 ^^@ \OML/cmm/m/it/10.53937 y\OT1/cmr/m/n/10.53937 ) \OMS/cmsy/m/n/10.53937 ^^A \OML/cmm/m/it/10.53937 y\OT1/cmr/m/n/10.53937 (\OML/cmm/m/it/10.53937 x \OT1/cmr/m/n/10.53937 + \OML/cmm/m/it/10.53937 y\OT1/cmr/m/n/10.53937 ) \OMS/cmsy/m/n/10.53937 ^^@ \OML/cmm/m/it/10.53937 x[]\OT1/cmr/m/n/10.53937 (1 + 2\OML/cmm/m/it/10.53937 y\OT1/cmr/m/n/10.53937 )(2\OML/cmm/m/it/10.53937 y \OMS/cmsy/m/n/10.53937 ^^@ \OT1/cmr/m/n/10.53937 1)
 []


Overfull \hbox (3.10884pt too wide) detected at line 1475
\OT1/cmr/m/n/10.53937 (\OML/cmm/m/it/10.53937 a[] \OT1/cmr/m/n/10.53937 + \OML/cmm/m/it/10.53937 b[]\OT1/cmr/m/n/10.53937 )[]\OML/cmm/m/it/10.53937 ;  \OT1/cmr/m/n/10.53937 (\OML/cmm/m/it/10.53937 a \OT1/cmr/m/n/10.53937 + \OML/cmm/m/it/10.53937 b \OT1/cmr/m/n/10.53937 + \OML/cmm/m/it/10.53937 c\OT1/cmr/m/n/10.53937 )[]\OML/cmm/m/it/10.53937 ;  \OT1/cmr/m/n/10.53937 4\OML/cmm/m/it/10.53937 x \OMS/cmsy/m/n/10.53937 ^^@ \OT1/cmr/m/n/10.53937 (2\OML/cmm/m/it/10.53937 x \OT1/cmr/m/n/10.53937 + 1)[]\OML/cmm/m/it/10.53937 ;  \OT1/cmr/m/n/10.53937 (3\OML/cmm/m/it/10.53937 x[] \OMS/cmsy/m/n/10.53937 ^^@ \OT1/cmr/m/n/10.53937 4\OML/cmm/m/it/10.53937 x \OT1/cmr/m/n/10.53937 + 5) \OMS/cmsy/m/n/10.53937 ^^A \OT1/cmr/m/n/10.53937 (3\OML/cmm/m/it/10.53937 x[] \OT1/cmr/m/n/10.53937 + 4\OML/cmm/m/it/10.53937 x \OT1/cmr/m/n/10.53937 + 5)
 []

[250]
Overfull \hbox (16.95665pt too wide) detected at line 1501
\OT1/cmr/m/n/10.53937 5\OML/cmm/m/it/10.53937 a[]b[]\OT1/cmr/m/n/10.53937 (\OMS/cmsy/m/n/10.53937 ^^@\OT1/cmr/m/n/10.53937 4\OML/cmm/m/it/10.53937 a[]bc\OT1/cmr/m/n/10.53937 )(\OMS/cmsy/m/n/10.53937 ^^@\OT1/cmr/m/n/10.53937 5\OML/cmm/m/it/10.53937 ab[]\OT1/cmr/m/n/10.53937 )\OML/cmm/m/it/10.53937 ;  \OT1/cmr/m/n/10.53937 (\OMS/cmsy/m/n/10.53937 ^^@\OT1/cmr/m/n/10.53937 5\OML/cmm/m/it/10.53937 ax[]\OT1/cmr/m/n/10.53937 )[] \OMS/cmsy/m/n/10.53937 ^^A \OT1/cmr/m/n/10.53937 (\OMS/cmsy/m/n/10.53937 ^^@\OT1/cmr/m/n/10.53937 2\OML/cmm/m/it/10.53937 b[]x\OT1/cmr/m/n/10.53937 )[]\OML/cmm/m/it/10.53937 ;  \OT1/cmr/m/n/10.53937 (4\OML/cmm/m/it/10.53937 a[]b \OT1/cmr/m/n/10.53937 + 3\OML/cmm/m/it/10.53937 ab[]\OT1/cmr/m/n/10.53937 )[] \OMS/cmsy/m/n/10.53937 ^^@ \OT1/cmr/m/n/10.53937 (\OMS/cmsy/m/n/10.53937 ^^@\OML/cmm/m/it/10.53937 ab[] \OT1/cmr/m/n/10.53937 + 2\OML/cmm/m/it/10.53937 a[]b\OT1/cmr/m/n/10.53937 )[]
 []

[251]
Overfull \hbox (1.75865pt too wide) detected at line 1512
\OML/cmm/m/it/10.53937 f\OT1/cmr/m/n/10.53937 (\OML/cmm/m/it/10.53937 x; y\OT1/cmr/m/n/10.53937 ) = (\OML/cmm/m/it/10.53937 x \OT1/cmr/m/n/10.53937 + \OML/cmm/m/it/10.53937 y\OT1/cmr/m/n/10.53937 )(\OML/cmm/m/it/10.53937 x \OMS/cmsy/m/n/10.53937 ^^@ \OML/cmm/m/it/10.53937 y\OT1/cmr/m/n/10.53937 )(\OML/cmm/m/it/10.53937 x[] \OT1/cmr/m/n/10.53937 + \OML/cmm/m/it/10.53937 y[]\OT1/cmr/m/n/10.53937 )(\OML/cmm/m/it/10.53937 x[] \OT1/cmr/m/n/10.53937 + \OML/cmm/m/it/10.53937 y[]\OT1/cmr/m/n/10.53937 ) [] (\OML/cmm/m/it/10.53937 x[] \OT1/cmr/m/n/10.53937 + \OML/cmm/m/it/10.53937 y[]\OT1/cmr/m/n/10.53937 ) []
 []

[252] [253] [254] [255]
Underfull \vbox (badness 10000) has occurred while \output is active []

 [256]
Underfull \vbox (badness 4024) has occurred while \output is active []

 [257] [258] [259]
Underfull \vbox (badness 3417) has occurred while \output is active []

 [260] [261] [262] [263] [264]
Missing character: There is no  (U+FF0B) in font [lmroman10-regular]:mapping=tex-text;!
[265] [266] [267]
Missing character: There is no  (U+FF0B) in font [lmroman10-regular]:mapping=tex-text;!
[268]
Missing character: There is no  (U+FF1D) in font [lmroman10-regular]:mapping=tex-text;!
[269] [270] [271]) (./5.tex [272]

[273

] [274] [275] [276] [277] [278]
Overfull \hbox (3.77342pt too wide) detected at line 257
\OT1/cmr/m/n/10.53937 (\OML/cmm/m/it/10.53937 a \OT1/cmr/m/n/10.53937 + \OML/cmm/m/it/10.53937 b\OT1/cmr/m/n/10.53937 )[] \OMS/cmsy/m/n/10.53937 ^^@ \OML/cmm/m/it/10.53937 c[];  x[] \OMS/cmsy/m/n/10.53937 ^^@ \OT1/cmr/m/n/10.53937 (\OML/cmm/m/it/10.53937 y \OT1/cmr/m/n/10.53937 + \OML/cmm/m/it/10.53937 z\OT1/cmr/m/n/10.53937 )[]\OML/cmm/m/it/10.53937 ;  \OT1/cmr/m/n/10.53937 (2\OML/cmm/m/it/10.53937 x \OT1/cmr/m/n/10.53937 + 3)[] \OMS/cmsy/m/n/10.53937 ^^@ \OT1/cmr/m/n/10.53937 9(\OML/cmm/m/it/10.53937 x \OMS/cmsy/m/n/10.53937 ^^@ \OT1/cmr/m/n/10.53937 1)[]\OML/cmm/m/it/10.53937 ;  y[] \OMS/cmsy/m/n/10.53937 ^^@ \OT1/cmr/m/n/10.53937 16\OML/cmm/m/it/10.53937 ;  \OT1/cmr/m/n/10.53937 64\OML/cmm/m/it/10.53937 x[] \OMS/cmsy/m/n/10.53937 ^^@ \OT1/cmr/m/n/10.53937 1
 []

[279] [280]
Overfull \hbox (5.41466pt too wide) detected at line 348
\OT1/cmr/m/n/10.53937 1 + 3\OML/cmm/m/it/10.53937 t[] \OT1/cmr/m/n/10.53937 + 3\OML/cmm/m/it/10.53937 t \OT1/cmr/m/n/10.53937 + \OML/cmm/m/it/10.53937 t[];  \OT1/cmr/m/n/10.53937 125 \OMS/cmsy/m/n/10.53937 ^^@ \OT1/cmr/m/n/10.53937 150\OML/cmm/m/it/10.53937 a \OT1/cmr/m/n/10.53937 + 60\OML/cmm/m/it/10.53937 a[] \OMS/cmsy/m/n/10.53937 ^^@ \OT1/cmr/m/n/10.53937 8\OML/cmm/m/it/10.53937 a[];  \OT1/cmr/m/n/10.53937 1 \OMS/cmsy/m/n/10.53937 ^^@ \OT1/cmr/m/n/10.53937 12\OML/cmm/m/it/10.53937 a[]b[] \OT1/cmr/m/n/10.53937 + 48\OML/cmm/m/it/10.53937 a[]b[] \OMS/cmsy/m/n/10.53937 ^^@ \OT1/cmr/m/n/10.53937 64\OML/cmm/m/it/10.53937 a[]b[]
 []


Underfull \vbox (badness 1960) has occurred while \output is active []

 [281]
Underfull \vbox (badness 10000) has occurred while \output is active []

 [282]
Underfull \vbox (badness 7344) has occurred while \output is active []

 [283] [284] [285] [286] [287] [288] [289] [290] [291] [292] [293] [294] [295] [296] [297] [298] [299] [300] [301] [302] [303] [304]
Overfull \hbox (16.26645pt too wide) in paragraph at lines 1551--1554
\TU/SimSun(0)/b/n/10.53937  |  \TU/SimSun(0)/m/n/10.53937   $\OML/cmm/m/it/10.53937 f\OT1/cmr/m/n/10.53937 (\OML/cmm/m/it/10.53937 x\OT1/cmr/m/n/10.53937 )$ \TU/SimSun(0)/m/n/10.53937    $\OML/cmm/m/it/10.53937 px \OT1/cmr/m/n/10.53937 + \OML/cmm/m/it/10.53937 q$\TU/SimSun(0)/m/n/10.53937 |   | $\OML/cmm/m/it/10.53937 p$ \TU/SimSun(0)/m/n/10.53937     $\OMS/cmsy/m/n/10.53937 ^^F\OT1/cmr/m/n/10.53937 1$\TU/SimSun(0)/m/n/10.53937 |   $\OML/cmm/m/it/10.53937 q$ \TU/SimSun(0)/m/n/10.53937     $\OMS/cmsy/m/n/10.53937 ^^F\OT1/cmr/m/n/10.53937 1\OML/cmm/m/it/10.53937 ;  \OMS/cmsy/m/n/10.53937 ^^F\OT1/cmr/m/n/10.53937 2\OML/cmm/m/it/10.53937 ;  \OMS/cmsy/m/n/10.53937 ^^F\OT1/cmr/m/n/10.53937 3\OML/cmm/m/it/10.53937 ;  \OMS/cmsy/m/n/10.53937 ^^F\OT1/cmr/m/n/10.53937 6$\TU/SimSun(0)/m/n/10.53937 | 
 []

[305] [306]
Overfull \hbox (1.57135pt too wide) in paragraph at lines 1703--1705
\TU/SimSun(0)/m/n/10.53937          |     |   $\OML/cmm/m/it/10.53937 f\OT1/cmr/m/n/10.53937 (\OML/cmm/m/it/10.53937 x\OT1/cmr/m/n/10.53937 )$ \TU/SimSun(0)/m/n/10.53937     $\OML/cmm/m/it/10.53937 px \OT1/cmr/m/n/10.53937 + \OML/cmm/m/it/10.53937 q$\TU/SimSun(0)/m/n/10.53937 |      $\OML/cmm/m/it/10.53937 f [] \OT1/cmr/m/n/10.53937 =
 []

[307] [308]
Underfull \hbox (badness 1057) in paragraph at lines 1850--1851
[]$\OML/cmm/m/it/10.53937 n$ \TU/SimSun(0)/m/n/10.53937      $\OT1/cmr/m/n/10.53937 (\OML/cmm/m/it/10.53937 n \OMS/cmsy/m/n/10.53937 ^^@ \OT1/cmr/m/n/10.53937 1)$ \TU/SimSun(0)/m/n/10.53937       $\OT1/cmr/m/n/10.53937 (\OML/cmm/m/it/10.53937 x[]x[] [] x[] \OT1/cmr/m/n/10.53937 + [] +
 []


Underfull \hbox (badness 1259) in paragraph at lines 1851--1852
[]$\OML/cmm/m/it/10.53937 n$ \TU/SimSun(0)/m/n/10.53937      $\OML/cmm/m/it/10.53937 x[]x[] [] x[]$ \TU/SimSun(0)/m/n/10.53937               
 []

[309]
Missing character: There is no  (U+FF0D) in font [lmroman10-regular]:mapping=tex-text;!
[310] [311] [312] [313]
Missing character: There is no  (U+FF1D) in font [lmroman10-regular]:mapping=tex-text;!
Missing character: There is no  (U+FF1D) in font [lmroman10-regular]:mapping=tex-text;!
[314]
Missing character: There is no  (U+FF0B) in font [lmroman10-regular]:mapping=tex-text;!
[315]
Missing character: There is no  (U+FF0D) in font [lmroman10-regular]:mapping=tex-text;!
[316] [317] [318]
Underfull \vbox (badness 1701) has occurred while \output is active []

 [319] [320]
Overfull \hbox (15.86397pt too wide) in paragraph at lines 2494--2495
[]\TU/SimSun(0)/m/n/10.53937  |   $\OML/cmm/m/it/10.53937 r[]\OT1/cmr/m/n/10.53937 (\OML/cmm/m/it/10.53937 x\OT1/cmr/m/n/10.53937 ) = 0$\TU/SimSun(0)/m/n/10.53937 |   $\OT1/cmr/m/n/10.53937 (\OML/cmm/m/it/10.53937 g\OT1/cmr/m/n/10.53937 (\OML/cmm/m/it/10.53937 x\OT1/cmr/m/n/10.53937 )\OML/cmm/m/it/10.53937 ; r[]\OT1/cmr/m/n/10.53937 (\OML/cmm/m/it/10.53937 x\OT1/cmr/m/n/10.53937 )) = \OML/cmm/m/it/10.53937 r[]\OT1/cmr/m/n/10.53937 (\OML/cmm/m/it/10.53937 x\OT1/cmr/m/n/10.53937 )$\TU/SimSun(0)/m/n/10.53937 |    $\OT1/cmr/m/n/10.53937 (\OML/cmm/m/it/10.53937 f\OT1/cmr/m/n/10.53937 (\OML/cmm/m/it/10.53937 x\OT1/cmr/m/n/10.53937 )\OML/cmm/m/it/10.53937 ; g\OT1/cmr/m/n/10.53937 (\OML/cmm/m/it/10.53937 x\OT1/cmr/m/n/10.53937 )) = (\OML/cmm/m/it/10.53937 g\OT1/cmr/m/n/10.53937 (\OML/cmm/m/it/10.53937 x\OT1/cmr/m/n/10.53937 )\OML/cmm/m/it/10.53937 ; r[]\OT1/cmr/m/n/10.53937 (\OML/cmm/m/it/10.53937 x\OT1/cmr/m/n/10.53937 )) =
 []

[321] [322]
Underfull \vbox (badness 2662) has occurred while \output is active []

 [323] [324] [325] [326] [327] [328] [329] [330] [331] [332] [333]
Missing character: There is no  (U+FF0B) in font [lmroman10-regular]:mapping=tex-text;!
) (./6.tex [334]

[335

] [336] [337] [338]
Underfull \vbox (badness 3250) has occurred while \output is active []

 [339] [340] [341] [342] [343] [344] [345]
Underfull \vbox (badness 10000) has occurred while \output is active []

 [346] [347] [348] [349] [350] [351] [352] [353] [354] [355] [356] [357] [358] [359] [360] [361] [362] [363] [364] [365] [366] [367] [368] [369] [370]
Underfull \vbox (badness 10000) has occurred while \output is active []

 [371] [372] [373] [374] [375] [376] [377] [378] [379] [380] [381] [382] [383]) (./7.tex [384]

[385

] [386] [387] [388] [389] [390] [391] [392]
Missing character: There is no  (U+FF0B) in font [lmroman10-regular]:mapping=tex-text;!
Missing character: There is no  (U+FF0B) in font [lmroman10-regular]:mapping=tex-text;!
[393] [394] [395] [396] [397] [398] [399] [400] [401] [402] [403] [404] [405]
File: 1.png Graphic file (type bmp)
<1.png>

Underfull \vbox (badness 10000) has occurred while \output is active []

 [406]
Overfull \hbox (31.14813pt too wide) detected at line 1134
[]
 []

[407] [408] [409] [410] [411])
\tf@thm=\write6
\openout6 = `main.thm'.

 [412] (./main.aux)
 ***********
LaTeX2e <2023-11-01> patch level 1
L3 programming layer <2022/08/05>
 ***********


LaTeX Font Warning: Size substitutions with differences
(Font)              up to 0.78749pt have occurred.


LaTeX Warning: Label(s) may have changed. Rerun to get cross-references right.

Package rerunfilecheck Info: File `main.out' has not changed.
(rerunfilecheck)             Checksum: 9197DD585ADFCE034841A14BABF11C51;14673.
 ) 
Here is how much of TeX's memory you used:
 40995 strings out of 474773
 951763 string characters out of 5761290
 1950842 words of memory out of 5000000
 62388 multiletter control sequences out of 15000+600000
 590241 words of font info for 187 fonts, out of 8000000 for 9000
 1348 hyphenation exceptions out of 8191
 93i,26n,97p,895b,1257s stack positions out of 10000i,1000n,20000p,200000b,200000s

Output written on main.pdf (422 pages).
